2025-07-18 16:56:37,568:DEBUG:certbot._internal.main:certbot version: 2.9.0
2025-07-18 16:56:37,568:DEBUG:certbot._internal.main:Location of certbot entry point: /usr/bin/certbot
2025-07-18 16:56:37,568:DEBUG:certbot._internal.main:Arguments: ['--apache']
2025-07-18 16:56:37,568:DEBUG:certbot._internal.main:Discovered plugins: PluginsRegistry(PluginEntryPoint#apache,PluginEntryPoint#manual,PluginEntryPoint#null,PluginEntryPoint#standalone,PluginEntryPoint#webroot)
2025-07-18 16:56:37,574:DEBUG:certbot._internal.log:Root logging level set at 30
2025-07-18 16:56:37,575:DEBUG:certbot._internal.plugins.selection:Requested authenticator apache and installer apache
2025-07-18 16:56:37,629:DEBUG:certbot_apache._internal.configurator:Apache version is 2.4.58
2025-07-18 16:56:37,782:DEBUG:certbot._internal.plugins.selection:Single candidate plugin: * apache
Description: Apache Web Server plugin
Interfaces: Authenticator, Installer, Plugin
Entry point: EntryPoint(name='apache', value='certbot_apache._internal.entrypoint:ENTRYPOINT', group='certbot.plugins')
Initialized: <certbot_apache._internal.override_debian.DebianConfigurator object at 0x7d9f7e0b8200>
Prep: True
2025-07-18 16:56:37,783:DEBUG:certbot._internal.plugins.selection:Selected authenticator <certbot_apache._internal.override_debian.DebianConfigurator object at 0x7d9f7e0b8200> and installer <certbot_apache._internal.override_debian.DebianConfigurator object at 0x7d9f7e0b8200>
2025-07-18 16:56:37,783:INFO:certbot._internal.plugins.selection:Plugins selected: Authenticator apache, Installer apache
2025-07-18 16:56:46,831:DEBUG:acme.client:Sending GET request to https://acme-v02.api.letsencrypt.org/directory.
2025-07-18 16:56:46,832:DEBUG:urllib3.connectionpool:Starting new HTTPS connection (1): acme-v02.api.letsencrypt.org:443
2025-07-18 16:56:47,262:DEBUG:urllib3.connectionpool:https://acme-v02.api.letsencrypt.org:443 "GET /directory HTTP/1.1" 200 995
2025-07-18 16:56:47,263:DEBUG:acme.client:Received response:
HTTP 200
Server: nginx
Date: Fri, 18 Jul 2025 16:56:47 GMT
Content-Type: application/json
Content-Length: 995
Connection: keep-alive
Cache-Control: public, max-age=0, no-cache
X-Frame-Options: DENY
Strict-Transport-Security: max-age=604800

{
  "9VT_1Mv4N4w": "https://community.letsencrypt.org/t/adding-random-entries-to-the-directory/33417",
  "keyChange": "https://acme-v02.api.letsencrypt.org/acme/key-change",
  "meta": {
    "caaIdentities": [
      "letsencrypt.org"
    ],
    "profiles": {
      "classic": "https://letsencrypt.org/docs/profiles#classic",
      "shortlived": "https://letsencrypt.org/docs/profiles#shortlived (not yet generally available)",
      "tlsserver": "https://letsencrypt.org/docs/profiles#tlsserver"
    },
    "termsOfService": "https://letsencrypt.org/documents/LE-SA-v1.5-February-24-2025.pdf",
    "website": "https://letsencrypt.org"
  },
  "newAccount": "https://acme-v02.api.letsencrypt.org/acme/new-acct",
  "newNonce": "https://acme-v02.api.letsencrypt.org/acme/new-nonce",
  "newOrder": "https://acme-v02.api.letsencrypt.org/acme/new-order",
  "renewalInfo": "https://acme-v02.api.letsencrypt.org/acme/renewal-info",
  "revokeCert": "https://acme-v02.api.letsencrypt.org/acme/revoke-cert"
}
2025-07-18 16:56:51,225:DEBUG:acme.client:Requesting fresh nonce
2025-07-18 16:56:51,226:DEBUG:acme.client:Sending HEAD request to https://acme-v02.api.letsencrypt.org/acme/new-nonce.
2025-07-18 16:56:51,368:DEBUG:urllib3.connectionpool:https://acme-v02.api.letsencrypt.org:443 "HEAD /acme/new-nonce HTTP/1.1" 200 0
2025-07-18 16:56:51,368:DEBUG:acme.client:Received response:
HTTP 200
Server: nginx
Date: Fri, 18 Jul 2025 16:56:51 GMT
Connection: keep-alive
Cache-Control: public, max-age=0, no-cache
Link: <https://acme-v02.api.letsencrypt.org/directory>;rel="index"
Replay-Nonce: wXtwBRDt20qnn8adbFH41LUmn_Rzj3Wk5LfL2HakKtP3dbykJeM
X-Frame-Options: DENY
Strict-Transport-Security: max-age=604800


2025-07-18 16:56:51,368:DEBUG:acme.client:Storing nonce: wXtwBRDt20qnn8adbFH41LUmn_Rzj3Wk5LfL2HakKtP3dbykJeM
2025-07-18 16:56:51,368:DEBUG:acme.client:JWS payload:
b'{\n  "contact": [\n    "mailto:tni.tigr@gmail.com"\n  ],\n  "termsOfServiceAgreed": true\n}'
2025-07-18 16:56:51,371:DEBUG:acme.client:Sending POST request to https://acme-v02.api.letsencrypt.org/acme/new-acct:
{
  "protected": "eyJhbGciOiAiUlMyNTYiLCAiandrIjogeyJuIjogIm04VjB6TUcxcGtiSHJiM0c5LUszeXhjVlRrZWJDcXUzSGJodFU0YlRSS2RHNkVMcThjenl5OURmOXNWQVdtTktmcU1vZVBuZk9uTDVVd1R0eV9xdEJsdlRGSElMeDRfbVg2djY1Zi1ZWG9feXRHa3hJZUFrY1VPZFZkLV9uMUxUdmU4SUNOX3lmNXFxazlYaGJJWmNZMW5CUzhYM2E1TkZvdTAtM2cwMGhZdWxXZmZHRFpYemRRNl9HRzdLb3dxTHI0MnFGMS1GcElqa0RRdUl3SFpVb0JYU1NUeGZqeTE3SEJ6VjlObkdwNy1YNUVHVk5JN1l6Y1UwYUd6dVJSeDJRaVhiSDZKQmkyQWFqT0FWLTJTbkx5YkFlbkhjNHhjOHJMSGFOQkVaRnhqM2dSTGtVZG4zTXhKZ0dHd19qc2VMenF0XzZPdTd1V0lUUC00Z19iaUhkUSIsICJlIjogIkFRQUIiLCAia3R5IjogIlJTQSJ9LCAibm9uY2UiOiAid1h0d0JSRHQyMHFubjhhZGJGSDQxTFVtbl9SemozV2s1TGZMMkhha0t0UDNkYnlrSmVNIiwgInVybCI6ICJodHRwczovL2FjbWUtdjAyLmFwaS5sZXRzZW5jcnlwdC5vcmcvYWNtZS9uZXctYWNjdCJ9",
  "signature": "NKjMk2Ej7h4WEu9QXh-Fkz5YEaqGAN1wgmauDGKUDYvnYa-AvW3Hu1BARJOesi4eS0DG0PiJwvrg5Jm_h8TcBVo1BD4ns9KCdtlTrFf1uTbLYQ7-2-NWrTCetfZxOG6Jn3UuRtFKMU9vQaGJZtZIxizBLKjkk3d2LcxHO8NwC4nEqE2KXXoTaIl_Li1I39t0BNCiYAp8qFMkxGrMFl9XUGf873qq_53GCK30bHZ9_OAUt-D9FTqlbnedy_iruGXfc-7hr8V40o-gVNllLIq4CXfxn6NaxVhQK5NrYuTM-QSSXRH7ljHhBfGksWhBcJxyCj1s9MQOxxIwqVmC5Or9XA",
  "payload": "ewogICJjb250YWN0IjogWwogICAgIm1haWx0bzp0bmkudGlnckBnbWFpbC5jb20iCiAgXSwKICAidGVybXNPZlNlcnZpY2VBZ3JlZWQiOiB0cnVlCn0"
}
2025-07-18 16:56:51,594:DEBUG:urllib3.connectionpool:https://acme-v02.api.letsencrypt.org:443 "POST /acme/new-acct HTTP/1.1" 201 477
2025-07-18 16:56:51,594:DEBUG:acme.client:Received response:
HTTP 201
Server: nginx
Date: Fri, 18 Jul 2025 16:56:51 GMT
Content-Type: application/json
Content-Length: 477
Connection: keep-alive
Boulder-Requester: 2537616271
Cache-Control: public, max-age=0, no-cache
Link: <https://acme-v02.api.letsencrypt.org/directory>;rel="index", <https://letsencrypt.org/documents/LE-SA-v1.5-February-24-2025.pdf>;rel="terms-of-service"
Location: https://acme-v02.api.letsencrypt.org/acme/acct/2537616271
Replay-Nonce: wXtwBRDtqKWgdrO8LlgTgxHOpaES_jYohWc0ytzdy9lEa-fw16w
X-Frame-Options: DENY
Strict-Transport-Security: max-age=604800

{
  "key": {
    "kty": "RSA",
    "n": "m8V0zMG1pkbHrb3G9-K3yxcVTkebCqu3HbhtU4bTRKdG6ELq8czyy9Df9sVAWmNKfqMoePnfOnL5UwTty_qtBlvTFHILx4_mX6v65f-YXo_ytGkxIeAkcUOdVd-_n1LTve8ICN_yf5qqk9XhbIZcY1nBS8X3a5NFou0-3g00hYulWffGDZXzdQ6_GG7KowqLr42qF1-FpIjkDQuIwHZUoBXSSTxfjy17HBzV9NnGp7-X5EGVNI7YzcU0aGzuRRx2QiXbH6JBi2AajOAV-2SnLybAenHc4xc8rLHaNBEZFxj3gRLkUdn3MxJgGGw_jseLzqt_6Ou7uWITP-4g_biHdQ",
    "e": "AQAB"
  },
  "createdAt": "2025-07-18T16:56:51.502599839Z",
  "status": "valid"
}
2025-07-18 16:56:51,594:DEBUG:acme.client:Storing nonce: wXtwBRDtqKWgdrO8LlgTgxHOpaES_jYohWc0ytzdy9lEa-fw16w
2025-07-18 16:56:53,754:DEBUG:certbot._internal.display.obj:Notifying user: Account registered.
2025-07-18 16:56:53,754:DEBUG:certbot._internal.main:Picked account: <Account(RegistrationResource(body=Registration(key=JWKRSA(key=<ComparableRSAKey(<cryptography.hazmat.backends.openssl.rsa._RSAPublicKey object at 0x7d9f7bae0b30>)>), contact=(), agreement=None, status='valid', terms_of_service_agreed=None, only_return_existing=None, external_account_binding=None), uri='https://acme-v02.api.letsencrypt.org/acme/acct/2537616271', new_authzr_uri=None, terms_of_service='https://letsencrypt.org/documents/LE-SA-v1.5-February-24-2025.pdf'), 39790f58d81bbee1ec930a4fde1f96a3, Meta(creation_dt=datetime.datetime(2025, 7, 18, 16, 56, 51, tzinfo=<UTC>), creation_host='ubuntu', register_to_eff=None))>
2025-07-18 16:56:56,850:DEBUG:certbot._internal.display.obj:Notifying user: Requesting a certificate for med-voice-record.de
2025-07-18 16:56:56,854:DEBUG:acme.client:JWS payload:
b'{\n  "identifiers": [\n    {\n      "type": "dns",\n      "value": "med-voice-record.de"\n    }\n  ]\n}'
2025-07-18 16:56:56,855:DEBUG:acme.client:Sending POST request to https://acme-v02.api.letsencrypt.org/acme/new-order:
{
  "protected": "eyJhbGciOiAiUlMyNTYiLCAia2lkIjogImh0dHBzOi8vYWNtZS12MDIuYXBpLmxldHNlbmNyeXB0Lm9yZy9hY21lL2FjY3QvMjUzNzYxNjI3MSIsICJub25jZSI6ICJ3WHR3QlJEdHFLV2dkck84TGxnVGd4SE9wYUVTX2pZb2hXYzB5dHpkeTlsRWEtZncxNnciLCAidXJsIjogImh0dHBzOi8vYWNtZS12MDIuYXBpLmxldHNlbmNyeXB0Lm9yZy9hY21lL25ldy1vcmRlciJ9",
  "signature": "JFbEv0mQMWvn8nFULtvM27hTpii4IOmrnTdBrZ2YR1EZtfMf0Muj_H4J8rngb62yutm76vim-54tO9ZnksjexTWuOuGvR3DENvU5HGwMYSfluIqOrkt7w49HQSK0Ec_euuazZpr8Ftw-yJHqfq_kWYFd_6A1tuLZeXWRPm6ENjCn2xjlG6rDymsdXbuHXMSP3WVXK-QIrEiteDi7vfgh-0-LjpJHmnF8BshbBMfP1Ok1Bj3P8-yDtcvpBpGQ_2lzj8wMgyXulaCbt29LAbRZ7tbSL8qe-IwywvBj5LlWYzz2QoSf5NTICrRsRgkPM7cIt1H7StTorrlTI-XG-JC7pA",
  "payload": "ewogICJpZGVudGlmaWVycyI6IFsKICAgIHsKICAgICAgInR5cGUiOiAiZG5zIiwKICAgICAgInZhbHVlIjogIm1lZC12b2ljZS1yZWNvcmQuZGUiCiAgICB9CiAgXQp9"
}
2025-07-18 16:56:57,111:DEBUG:urllib3.connectionpool:https://acme-v02.api.letsencrypt.org:443 "POST /acme/new-order HTTP/1.1" 201 353
2025-07-18 16:56:57,111:DEBUG:acme.client:Received response:
HTTP 201
Server: nginx
Date: Fri, 18 Jul 2025 16:56:57 GMT
Content-Type: application/json
Content-Length: 353
Connection: keep-alive
Boulder-Requester: 2537616271
Cache-Control: public, max-age=0, no-cache
Link: <https://acme-v02.api.letsencrypt.org/directory>;rel="index"
Location: https://acme-v02.api.letsencrypt.org/acme/order/2537616271/408245251931
Replay-Nonce: wXtwBRDtLRZoCE0ijOvm39xN98lQtxKbS0ypJzi8VoYC4-vAZB8
X-Frame-Options: DENY
Strict-Transport-Security: max-age=604800

{
  "status": "pending",
  "expires": "2025-07-25T16:56:56Z",
  "identifiers": [
    {
      "type": "dns",
      "value": "med-voice-record.de"
    }
  ],
  "authorizations": [
    "https://acme-v02.api.letsencrypt.org/acme/authz/2537616271/555099728921"
  ],
  "finalize": "https://acme-v02.api.letsencrypt.org/acme/finalize/2537616271/408245251931"
}
2025-07-18 16:56:57,111:DEBUG:acme.client:Storing nonce: wXtwBRDtLRZoCE0ijOvm39xN98lQtxKbS0ypJzi8VoYC4-vAZB8
2025-07-18 16:56:57,111:DEBUG:acme.client:JWS payload:
b''
2025-07-18 16:56:57,113:DEBUG:acme.client:Sending POST request to https://acme-v02.api.letsencrypt.org/acme/authz/2537616271/555099728921:
{
  "protected": "eyJhbGciOiAiUlMyNTYiLCAia2lkIjogImh0dHBzOi8vYWNtZS12MDIuYXBpLmxldHNlbmNyeXB0Lm9yZy9hY21lL2FjY3QvMjUzNzYxNjI3MSIsICJub25jZSI6ICJ3WHR3QlJEdExSWm9DRTBpak92bTM5eE45OGxRdHhLYlMweXBKemk4Vm9ZQzQtdkFaQjgiLCAidXJsIjogImh0dHBzOi8vYWNtZS12MDIuYXBpLmxldHNlbmNyeXB0Lm9yZy9hY21lL2F1dGh6LzI1Mzc2MTYyNzEvNTU1MDk5NzI4OTIxIn0",
  "signature": "R3fSxDmUAasnYTaIEyd6b_rTP4LRDCvEj6MzM-xBRC5et_Fpsdijmb-rfqOJmkCk6s_-BZFgXZ38DU-G6AUr-ck2BJgIpx5TcFPfzNrrFV0VLv01eUmD366sc3Apa69Ho1w434_QRb9o_-WLE1tzkcn0x6T8YPWcwcsEN1_C4aeNatJ9KQRFnsSe6Ncg9m5V4kiFeAOZICsYt3-zZ03HsJN6FpAbXu01zfcRNt8sqpphLg1ywl5Nv4j0u-xcOg0wWwQb7N8zSPmv0jcwKXq_xb43o89bdaeRO9aJ0MGmAcgv9gauRsWwsuuN_bGJIu2rnek5Umi2D_aO44hiQjVg9A",
  "payload": ""
}
2025-07-18 16:56:57,258:DEBUG:urllib3.connectionpool:https://acme-v02.api.letsencrypt.org:443 "POST /acme/authz/2537616271/555099728921 HTTP/1.1" 200 827
2025-07-18 16:56:57,258:DEBUG:acme.client:Received response:
HTTP 200
Server: nginx
Date: Fri, 18 Jul 2025 16:56:57 GMT
Content-Type: application/json
Content-Length: 827
Connection: keep-alive
Boulder-Requester: 2537616271
Cache-Control: public, max-age=0, no-cache
Link: <https://acme-v02.api.letsencrypt.org/directory>;rel="index"
Replay-Nonce: wXtwBRDteuEb4vBzlRG98_aUjTXB_s6EBcq_llX8hzLcmFi_74E
X-Frame-Options: DENY
Strict-Transport-Security: max-age=604800

{
  "identifier": {
    "type": "dns",
    "value": "med-voice-record.de"
  },
  "status": "pending",
  "expires": "2025-07-25T16:56:56Z",
  "challenges": [
    {
      "type": "http-01",
      "url": "https://acme-v02.api.letsencrypt.org/acme/chall/2537616271/555099728921/PfJdTg",
      "status": "pending",
      "token": "PZd23OeECskY0w2dwzd2TwO6NjJAbjscXsb3QQccAKo"
    },
    {
      "type": "tls-alpn-01",
      "url": "https://acme-v02.api.letsencrypt.org/acme/chall/2537616271/555099728921/AZ7gQw",
      "status": "pending",
      "token": "PZd23OeECskY0w2dwzd2TwO6NjJAbjscXsb3QQccAKo"
    },
    {
      "type": "dns-01",
      "url": "https://acme-v02.api.letsencrypt.org/acme/chall/2537616271/555099728921/RYJAxg",
      "status": "pending",
      "token": "PZd23OeECskY0w2dwzd2TwO6NjJAbjscXsb3QQccAKo"
    }
  ]
}
2025-07-18 16:56:57,258:DEBUG:acme.client:Storing nonce: wXtwBRDteuEb4vBzlRG98_aUjTXB_s6EBcq_llX8hzLcmFi_74E
2025-07-18 16:56:57,258:INFO:certbot._internal.auth_handler:Performing the following challenges:
2025-07-18 16:56:57,258:INFO:certbot._internal.auth_handler:http-01 challenge for med-voice-record.de
2025-07-18 16:56:57,291:INFO:certbot_apache._internal.override_debian:Enabled Apache rewrite module
2025-07-18 16:56:57,406:DEBUG:certbot_apache._internal.http_01:Adding a temporary challenge validation Include for name: med-voice-record.de in: /etc/apache2/sites-enabled/webApp.conf
2025-07-18 16:56:57,407:DEBUG:certbot_apache._internal.http_01:writing a pre config file with text:
         RewriteEngine on
        RewriteRule ^/\.well-known/acme-challenge/([A-Za-z0-9-_=]+)$ /var/lib/letsencrypt/http_challenges/$1 [END]
    
2025-07-18 16:56:57,407:DEBUG:certbot_apache._internal.http_01:writing a post config file with text:
         <Directory /var/lib/letsencrypt/http_challenges>
            Require all granted
        </Directory>
        <Location /.well-known/acme-challenge>
            Require all granted
        </Location>
    
2025-07-18 16:56:57,415:DEBUG:certbot.reverter:Creating backup of /etc/apache2/sites-enabled/webApp.conf
2025-07-18 16:57:00,527:DEBUG:acme.client:JWS payload:
b'{}'
2025-07-18 16:57:00,528:DEBUG:acme.client:Sending POST request to https://acme-v02.api.letsencrypt.org/acme/chall/2537616271/555099728921/PfJdTg:
{
  "protected": "eyJhbGciOiAiUlMyNTYiLCAia2lkIjogImh0dHBzOi8vYWNtZS12MDIuYXBpLmxldHNlbmNyeXB0Lm9yZy9hY21lL2FjY3QvMjUzNzYxNjI3MSIsICJub25jZSI6ICJ3WHR3QlJEdGV1RWI0dkJ6bFJHOThfYVVqVFhCX3M2RUJjcV9sbFg4aHpMY21GaV83NEUiLCAidXJsIjogImh0dHBzOi8vYWNtZS12MDIuYXBpLmxldHNlbmNyeXB0Lm9yZy9hY21lL2NoYWxsLzI1Mzc2MTYyNzEvNTU1MDk5NzI4OTIxL1BmSmRUZyJ9",
  "signature": "Lm6un-HxDn420QwlaIr4aeLtztNU5onXETum9D5ZoiQMrDmtNHooV1RYO4W5TOEkjx120wT0JYP3Sm8wYpm_tDH-qwUMIG04mw6amz-8yClBvesxMu2k2kw5WPryV17N7YmYNk6uvf0etDMorFCpaPdWkiyzL2jCCqi2df0px-aOr0Mj9QxsEc2SH6XgsWLk5PIVsFlOFbx2OSMrCO1k8PVDBk9t1uqfC3WNhTHsQmb7byaLnnOtnSpw6i8RgWFJfneZEaHzQB4nNAx6-gLfUMfoJ_oiMfWFm35zqHW9x9cSh2FK5qVV3XpyTWnA2SUnse-wJrxMZ8cjKMfcH4zaTw",
  "payload": "e30"
}
2025-07-18 16:57:00,688:DEBUG:urllib3.connectionpool:https://acme-v02.api.letsencrypt.org:443 "POST /acme/chall/2537616271/555099728921/PfJdTg HTTP/1.1" 200 195
2025-07-18 16:57:00,689:DEBUG:acme.client:Received response:
HTTP 200
Server: nginx
Date: Fri, 18 Jul 2025 16:57:00 GMT
Content-Type: application/json
Content-Length: 195
Connection: keep-alive
Boulder-Requester: 2537616271
Cache-Control: public, max-age=0, no-cache
Link: <https://acme-v02.api.letsencrypt.org/directory>;rel="index", <https://acme-v02.api.letsencrypt.org/acme/authz/2537616271/555099728921>;rel="up"
Location: https://acme-v02.api.letsencrypt.org/acme/chall/2537616271/555099728921/PfJdTg
Replay-Nonce: wXtwBRDtfyLCUOsbxsAXzbEq5kfk5YsSmtZfyrpkqnrzLCszNG0
X-Frame-Options: DENY
Strict-Transport-Security: max-age=604800

{
  "type": "http-01",
  "url": "https://acme-v02.api.letsencrypt.org/acme/chall/2537616271/555099728921/PfJdTg",
  "status": "pending",
  "token": "PZd23OeECskY0w2dwzd2TwO6NjJAbjscXsb3QQccAKo"
}
2025-07-18 16:57:00,689:DEBUG:acme.client:Storing nonce: wXtwBRDtfyLCUOsbxsAXzbEq5kfk5YsSmtZfyrpkqnrzLCszNG0
2025-07-18 16:57:00,689:INFO:certbot._internal.auth_handler:Waiting for verification...
2025-07-18 16:57:01,689:DEBUG:acme.client:JWS payload:
b''
2025-07-18 16:57:01,691:DEBUG:acme.client:Sending POST request to https://acme-v02.api.letsencrypt.org/acme/authz/2537616271/555099728921:
{
  "protected": "eyJhbGciOiAiUlMyNTYiLCAia2lkIjogImh0dHBzOi8vYWNtZS12MDIuYXBpLmxldHNlbmNyeXB0Lm9yZy9hY21lL2FjY3QvMjUzNzYxNjI3MSIsICJub25jZSI6ICJ3WHR3QlJEdGZ5TENVT3NieHNBWHpiRXE1a2ZrNVlzU210WmZ5cnBrcW5yekxDc3pORzAiLCAidXJsIjogImh0dHBzOi8vYWNtZS12MDIuYXBpLmxldHNlbmNyeXB0Lm9yZy9hY21lL2F1dGh6LzI1Mzc2MTYyNzEvNTU1MDk5NzI4OTIxIn0",
  "signature": "fPmkJVIBrUUmb_3brBwIB0SG5ez20mo3Bh1w8SR_24skoUa0PUolbwT56DlHapa0Jgd6wY6OS6P_5Fq1KNUFRUyi5m4ycVoqWpS57fDm9MCZv0uB1Wxl4-rxa6dBJyss8V5nUI-5TYFh4tHsoGTmgWTzmHJYbtDqfag5fDVhozB9eXaw26arlZF2K_WIXVfPa7FJF_ZnaTjmhFT-n1ox509INHJWJJ4L5mTNy5jEUZDGMqwzcM1FEvxwnL_hpNPl-ToOgPlsGZ8NYvpJNThmcUhAHTynmErg3E3TFZ3Ao1C7_W3_5cpeP5xk0eXA9fi7k6M8YVjcIvO4NZPj-VoDLQ",
  "payload": ""
}
2025-07-18 16:57:01,835:DEBUG:urllib3.connectionpool:https://acme-v02.api.letsencrypt.org:443 "POST /acme/authz/2537616271/555099728921 HTTP/1.1" 200 827
2025-07-18 16:57:01,835:DEBUG:acme.client:Received response:
HTTP 200
Server: nginx
Date: Fri, 18 Jul 2025 16:57:01 GMT
Content-Type: application/json
Content-Length: 827
Connection: keep-alive
Boulder-Requester: 2537616271
Cache-Control: public, max-age=0, no-cache
Link: <https://acme-v02.api.letsencrypt.org/directory>;rel="index"
Replay-Nonce: wXtwBRDthcHsg1N5sH-be-ND9piJZQlZwRroiFDA8nPq24hAQhg
X-Frame-Options: DENY
Strict-Transport-Security: max-age=604800

{
  "identifier": {
    "type": "dns",
    "value": "med-voice-record.de"
  },
  "status": "pending",
  "expires": "2025-07-25T16:56:56Z",
  "challenges": [
    {
      "type": "dns-01",
      "url": "https://acme-v02.api.letsencrypt.org/acme/chall/2537616271/555099728921/RYJAxg",
      "status": "pending",
      "token": "PZd23OeECskY0w2dwzd2TwO6NjJAbjscXsb3QQccAKo"
    },
    {
      "type": "http-01",
      "url": "https://acme-v02.api.letsencrypt.org/acme/chall/2537616271/555099728921/PfJdTg",
      "status": "pending",
      "token": "PZd23OeECskY0w2dwzd2TwO6NjJAbjscXsb3QQccAKo"
    },
    {
      "type": "tls-alpn-01",
      "url": "https://acme-v02.api.letsencrypt.org/acme/chall/2537616271/555099728921/AZ7gQw",
      "status": "pending",
      "token": "PZd23OeECskY0w2dwzd2TwO6NjJAbjscXsb3QQccAKo"
    }
  ]
}
2025-07-18 16:57:01,836:DEBUG:acme.client:Storing nonce: wXtwBRDthcHsg1N5sH-be-ND9piJZQlZwRroiFDA8nPq24hAQhg
2025-07-18 16:57:04,836:DEBUG:acme.client:JWS payload:
b''
2025-07-18 16:57:04,837:DEBUG:acme.client:Sending POST request to https://acme-v02.api.letsencrypt.org/acme/authz/2537616271/555099728921:
{
  "protected": "eyJhbGciOiAiUlMyNTYiLCAia2lkIjogImh0dHBzOi8vYWNtZS12MDIuYXBpLmxldHNlbmNyeXB0Lm9yZy9hY21lL2FjY3QvMjUzNzYxNjI3MSIsICJub25jZSI6ICJ3WHR3QlJEdGhjSHNnMU41c0gtYmUtTkQ5cGlKWlFsWndScm9pRkRBOG5QcTI0aEFRaGciLCAidXJsIjogImh0dHBzOi8vYWNtZS12MDIuYXBpLmxldHNlbmNyeXB0Lm9yZy9hY21lL2F1dGh6LzI1Mzc2MTYyNzEvNTU1MDk5NzI4OTIxIn0",
  "signature": "VSDsU3b2U_OEiSRQJip4WHadlD2eLWlaVBlQsB2yOlFj9fjltCW24D5G9FgXxVoLseLX_VT3z1y-etXRNA-O5phZo7bT3U1uUQpNFBwVKfyUdJNbOhRsZXSFuc3FeS44AeJ2ktM0ftmip67sw5K-tXMmesgAksR1Mx-6P5MDkKUGPEuBvDAxIDg9B5gLNOucNgLByJkcEl1K7ndh-WXUc9-d80la9wiD4HYSlJ4oVZ4jo3s_uNlDCxcrcf5J1X0HJe8Sdgi6zx-R7ks9WXyWPCnRh0npCjDq3aFVhw5CWhJlbb_ehe1He0ho5MY7gE9q_XIo8VUHENlybv7irm5_vQ",
  "payload": ""
}
2025-07-18 16:57:04,983:DEBUG:urllib3.connectionpool:https://acme-v02.api.letsencrypt.org:443 "POST /acme/authz/2537616271/555099728921 HTTP/1.1" 200 782
2025-07-18 16:57:04,983:DEBUG:acme.client:Received response:
HTTP 200
Server: nginx
Date: Fri, 18 Jul 2025 16:57:04 GMT
Content-Type: application/json
Content-Length: 782
Connection: keep-alive
Boulder-Requester: 2537616271
Cache-Control: public, max-age=0, no-cache
Link: <https://acme-v02.api.letsencrypt.org/directory>;rel="index"
Replay-Nonce: wXtwBRDtkS_qK2zzgF-pHU-IZxvQ721l_TKHZLbglDYe3WC0v8E
X-Frame-Options: DENY
Strict-Transport-Security: max-age=604800

{
  "identifier": {
    "type": "dns",
    "value": "med-voice-record.de"
  },
  "status": "valid",
  "expires": "2025-08-17T16:57:03Z",
  "challenges": [
    {
      "type": "http-01",
      "url": "https://acme-v02.api.letsencrypt.org/acme/chall/2537616271/555099728921/PfJdTg",
      "status": "valid",
      "validated": "2025-07-18T16:57:00Z",
      "token": "PZd23OeECskY0w2dwzd2TwO6NjJAbjscXsb3QQccAKo",
      "validationRecord": [
        {
          "url": "http://med-voice-record.de/.well-known/acme-challenge/PZd23OeECskY0w2dwzd2TwO6NjJAbjscXsb3QQccAKo",
          "hostname": "med-voice-record.de",
          "port": "80",
          "addressesResolved": [
            "213.165.87.118"
          ],
          "addressUsed": "213.165.87.118"
        }
      ]
    }
  ]
}
2025-07-18 16:57:04,983:DEBUG:acme.client:Storing nonce: wXtwBRDtkS_qK2zzgF-pHU-IZxvQ721l_TKHZLbglDYe3WC0v8E
2025-07-18 16:57:04,983:DEBUG:certbot._internal.error_handler:Calling registered functions
2025-07-18 16:57:04,983:INFO:certbot._internal.auth_handler:Cleaning up challenges
2025-07-18 16:57:05,168:DEBUG:certbot._internal.client:CSR: CSR(file=None, data=b'-----BEGIN CERTIFICATE REQUEST-----\nMIHrMIGTAgEAMAAwWTATBgcqhkjOPQIBBggqhkjOPQMBBwNCAATVA+fKqEfvBosQ\nPtcoH+5Pi/1r+5kuj9YcHdfhLjkZmy/IAXIm9uKPIMnm8N1VzUdxWbGzQfqCg/b4\nWnqQEyyaoDEwLwYJKoZIhvcNAQkOMSIwIDAeBgNVHREEFzAVghNtZWQtdm9pY2Ut\ncmVjb3JkLmRlMAoGCCqGSM49BAMCA0cAMEQCIFrFK5ZvkSoinj/zZdvG//CrHNQb\nLB8agW0btr5IGeQHAiBA1CWRY69UC398P5MoTbFX16QruYCq24lQ7pk4wcJXuA==\n-----END CERTIFICATE REQUEST-----\n', form='pem')
2025-07-18 16:57:05,168:DEBUG:certbot._internal.client:Will poll for certificate issuance until 2025-07-18 16:58:35.168666
2025-07-18 16:57:05,169:DEBUG:acme.client:JWS payload:
b'{\n  "csr": "MIHrMIGTAgEAMAAwWTATBgcqhkjOPQIBBggqhkjOPQMBBwNCAATVA-fKqEfvBosQPtcoH-5Pi_1r-5kuj9YcHdfhLjkZmy_IAXIm9uKPIMnm8N1VzUdxWbGzQfqCg_b4WnqQEyyaoDEwLwYJKoZIhvcNAQkOMSIwIDAeBgNVHREEFzAVghNtZWQtdm9pY2UtcmVjb3JkLmRlMAoGCCqGSM49BAMCA0cAMEQCIFrFK5ZvkSoinj_zZdvG__CrHNQbLB8agW0btr5IGeQHAiBA1CWRY69UC398P5MoTbFX16QruYCq24lQ7pk4wcJXuA"\n}'
2025-07-18 16:57:05,170:DEBUG:acme.client:Sending POST request to https://acme-v02.api.letsencrypt.org/acme/finalize/2537616271/408245251931:
{
  "protected": "eyJhbGciOiAiUlMyNTYiLCAia2lkIjogImh0dHBzOi8vYWNtZS12MDIuYXBpLmxldHNlbmNyeXB0Lm9yZy9hY21lL2FjY3QvMjUzNzYxNjI3MSIsICJub25jZSI6ICJ3WHR3QlJEdGtTX3FLMnp6Z0YtcEhVLUlaeHZRNzIxbF9US0haTGJnbERZZTNXQzB2OEUiLCAidXJsIjogImh0dHBzOi8vYWNtZS12MDIuYXBpLmxldHNlbmNyeXB0Lm9yZy9hY21lL2ZpbmFsaXplLzI1Mzc2MTYyNzEvNDA4MjQ1MjUxOTMxIn0",
  "signature": "CLOxMc-XBjU1oNitAXEHmtVBRRioynW9DI0VT51xYavCh7DN4y7tPIJfgfQx913cXuqTjcjgels_pIQrZvKFL-4aeIM44sLHpHJpejllHuHU1rFeAJSxZUUHNpW0Mn5pql6_tdJoRh1jvbPdGpGz6IbuhTlM6U6UL70emlXHOL2m6yQDLY7Mx8WfkC70tLyCap_8W6EdQ_UUJ93xaLdovJS-KiyLUsr18PFvriD0M1Lhq50IalDSx857TzdvR4KhSwVReWkiJZPRFgOWRRZK1UO3vETUc1KDQgRR8qFPJLKetRPXcfxksbyNFcVpHtGr_AqP0DRUNSEUB24afXMtbQ",
  "payload": "ewogICJjc3IiOiAiTUlIck1JR1RBZ0VBTUFBd1dUQVRCZ2NxaGtqT1BRSUJCZ2dxaGtqT1BRTUJCd05DQUFUVkEtZktxRWZ2Qm9zUVB0Y29ILTVQaV8xci01a3VqOVljSGRmaExqa1pteV9JQVhJbTl1S1BJTW5tOE4xVnpVZHhXYkd6UWZxQ2dfYjRXbnFRRXl5YW9ERXdMd1lKS29aSWh2Y05BUWtPTVNJd0lEQWVCZ05WSFJFRUZ6QVZnaE50WldRdGRtOXBZMlV0Y21WamIzSmtMbVJsTUFvR0NDcUdTTTQ5QkFNQ0EwY0FNRVFDSUZyRks1WnZrU29pbmpfelpkdkdfX0NySE5RYkxCOGFnVzBidHI1SUdlUUhBaUJBMUNXUlk2OVVDMzk4UDVNb1RiRlgxNlFydVlDcTI0bFE3cGs0d2NKWHVBIgp9"
}
2025-07-18 16:57:05,885:DEBUG:urllib3.connectionpool:https://acme-v02.api.letsencrypt.org:443 "POST /acme/finalize/2537616271/408245251931 HTTP/1.1" 200 455
2025-07-18 16:57:05,885:DEBUG:acme.client:Received response:
HTTP 200
Server: nginx
Date: Fri, 18 Jul 2025 16:57:05 GMT
Content-Type: application/json
Content-Length: 455
Connection: keep-alive
Boulder-Requester: 2537616271
Cache-Control: public, max-age=0, no-cache
Link: <https://acme-v02.api.letsencrypt.org/directory>;rel="index"
Location: https://acme-v02.api.letsencrypt.org/acme/order/2537616271/408245251931
Replay-Nonce: Nq7ba1pigt58vlEqqFVCx3GVB1vYVWQh9BJQWaVze8QiBzzhfwI
X-Frame-Options: DENY
Strict-Transport-Security: max-age=604800

{
  "status": "valid",
  "expires": "2025-07-25T16:56:56Z",
  "identifiers": [
    {
      "type": "dns",
      "value": "med-voice-record.de"
    }
  ],
  "authorizations": [
    "https://acme-v02.api.letsencrypt.org/acme/authz/2537616271/555099728921"
  ],
  "finalize": "https://acme-v02.api.letsencrypt.org/acme/finalize/2537616271/408245251931",
  "certificate": "https://acme-v02.api.letsencrypt.org/acme/cert/05ad7545ad2f78b6710a015870aa9c2290f2"
}
2025-07-18 16:57:05,885:DEBUG:acme.client:Storing nonce: Nq7ba1pigt58vlEqqFVCx3GVB1vYVWQh9BJQWaVze8QiBzzhfwI
2025-07-18 16:57:06,886:DEBUG:acme.client:JWS payload:
b''
2025-07-18 16:57:06,887:DEBUG:acme.client:Sending POST request to https://acme-v02.api.letsencrypt.org/acme/order/2537616271/408245251931:
{
  "protected": "eyJhbGciOiAiUlMyNTYiLCAia2lkIjogImh0dHBzOi8vYWNtZS12MDIuYXBpLmxldHNlbmNyeXB0Lm9yZy9hY21lL2FjY3QvMjUzNzYxNjI3MSIsICJub25jZSI6ICJOcTdiYTFwaWd0NTh2bEVxcUZWQ3gzR1ZCMXZZVldRaDlCSlFXYVZ6ZThRaUJ6emhmd0kiLCAidXJsIjogImh0dHBzOi8vYWNtZS12MDIuYXBpLmxldHNlbmNyeXB0Lm9yZy9hY21lL29yZGVyLzI1Mzc2MTYyNzEvNDA4MjQ1MjUxOTMxIn0",
  "signature": "YbFEkirRufU593dRl0N9qRHrylaHYvWrPjMAnvUC_QDvJ_0E5d-klsC5R5ynUuMy5JxTtgs7vIm-mBIrcgpQNi_6ZlVYgiz1-uuaKOVLoDVr0wSc2bt0oOTbRoVaoMbIHOktLM3F-g_dyWmYDM_760_9CLKxZr_Rlh4iVRLdasexN289g7UkhWYTA0Bge2Z0-iiWZT-8aXf2x8mQG3cT9L2CyU4Aa_xNGqKf9yv0-H_qNDFEmDBowKkF8A1znejJgMA1jEaEGNXB31SbQTwE-XTpy_JR2VjUSM5kNkBf6_B45IJAem2_yIESjc0nLOM21p5IrnI6qEp0lIJ_2p0tTQ",
  "payload": ""
}
2025-07-18 16:57:07,032:DEBUG:urllib3.connectionpool:https://acme-v02.api.letsencrypt.org:443 "POST /acme/order/2537616271/408245251931 HTTP/1.1" 200 455
2025-07-18 16:57:07,032:DEBUG:acme.client:Received response:
HTTP 200
Server: nginx
Date: Fri, 18 Jul 2025 16:57:06 GMT
Content-Type: application/json
Content-Length: 455
Connection: keep-alive
Cache-Control: public, max-age=0, no-cache
Link: <https://acme-v02.api.letsencrypt.org/directory>;rel="index"
Location: https://acme-v02.api.letsencrypt.org/acme/order/2537616271/408245251931
Replay-Nonce: wXtwBRDtL_DVqFxp4aBHtO3gJlHc5_Ws3FU6L0HGD7iDPJ4e530
X-Frame-Options: DENY
Strict-Transport-Security: max-age=604800

{
  "status": "valid",
  "expires": "2025-07-25T16:56:56Z",
  "identifiers": [
    {
      "type": "dns",
      "value": "med-voice-record.de"
    }
  ],
  "authorizations": [
    "https://acme-v02.api.letsencrypt.org/acme/authz/2537616271/555099728921"
  ],
  "finalize": "https://acme-v02.api.letsencrypt.org/acme/finalize/2537616271/408245251931",
  "certificate": "https://acme-v02.api.letsencrypt.org/acme/cert/05ad7545ad2f78b6710a015870aa9c2290f2"
}
2025-07-18 16:57:07,033:DEBUG:acme.client:Storing nonce: wXtwBRDtL_DVqFxp4aBHtO3gJlHc5_Ws3FU6L0HGD7iDPJ4e530
2025-07-18 16:57:07,033:DEBUG:acme.client:JWS payload:
b''
2025-07-18 16:57:07,034:DEBUG:acme.client:Sending POST request to https://acme-v02.api.letsencrypt.org/acme/cert/05ad7545ad2f78b6710a015870aa9c2290f2:
{
  "protected": "eyJhbGciOiAiUlMyNTYiLCAia2lkIjogImh0dHBzOi8vYWNtZS12MDIuYXBpLmxldHNlbmNyeXB0Lm9yZy9hY21lL2FjY3QvMjUzNzYxNjI3MSIsICJub25jZSI6ICJ3WHR3QlJEdExfRFZxRnhwNGFCSHRPM2dKbEhjNV9XczNGVTZMMEhHRDdpRFBKNGU1MzAiLCAidXJsIjogImh0dHBzOi8vYWNtZS12MDIuYXBpLmxldHNlbmNyeXB0Lm9yZy9hY21lL2NlcnQvMDVhZDc1NDVhZDJmNzhiNjcxMGEwMTU4NzBhYTljMjI5MGYyIn0",
  "signature": "kBOa-j67bhhNh3YkOyYTRjn4sgJQ4NjII-jyVrFyYy3x8Kuy--dRmuqwIL2T1oYcFJjZjyXSAdSf5to48FEW9SxFsHP-9wClvEfc5IUiHJwMtawAr6M5MEqD7AlqFvwgp8lnYrnWbJ_-p0xsEdtbT41qkwhcNaYGrwe1RXbA5jc1h0UOehxHhEE0iLTdYjGZgdMehjTancebEvFAEwMwh5UhcONRZaAsNFSss67Iy_5F2OQUsKENSXCah1TLgls8eiw45Z1g82oL7IDV4MnkA59vCTApBEaMGeW0M8O9S_Q2iAK8Fn2yNcedIhRmSSz7gLL9izccqBXZDseUG2Yi9Q",
  "payload": ""
}
2025-07-18 16:57:07,180:DEBUG:urllib3.connectionpool:https://acme-v02.api.letsencrypt.org:443 "POST /acme/cert/05ad7545ad2f78b6710a015870aa9c2290f2 HTTP/1.1" 200 2869
2025-07-18 16:57:07,180:DEBUG:acme.client:Received response:
HTTP 200
Server: nginx
Date: Fri, 18 Jul 2025 16:57:07 GMT
Content-Type: application/pem-certificate-chain
Content-Length: 2869
Connection: keep-alive
Cache-Control: public, max-age=0, no-cache
Link: <https://acme-v02.api.letsencrypt.org/directory>;rel="index", <https://acme-v02.api.letsencrypt.org/acme/cert/05ad7545ad2f78b6710a015870aa9c2290f2/1>;rel="alternate"
Replay-Nonce: wXtwBRDtaE8bw5pPxPKYv2F09ydKxd7lSL-ZsKFrYmggenz33g4
X-Frame-Options: DENY
Strict-Transport-Security: max-age=604800

-----BEGIN CERTIFICATE-----
MIIDkzCCAxqgAwIBAgISBa11Ra0veLZxCgFYcKqcIpDyMAoGCCqGSM49BAMDMDIx
CzAJBgNVBAYTAlVTMRYwFAYDVQQKEw1MZXQncyBFbmNyeXB0MQswCQYDVQQDEwJF
NjAeFw0yNTA3MTgxNTU4MzVaFw0yNTEwMTYxNTU4MzRaMB4xHDAaBgNVBAMTE21l
ZC12b2ljZS1yZWNvcmQuZGUwWTATBgcqhkjOPQIBBggqhkjOPQMBBwNCAATVA+fK
qEfvBosQPtcoH+5Pi/1r+5kuj9YcHdfhLjkZmy/IAXIm9uKPIMnm8N1VzUdxWbGz
QfqCg/b4WnqQEyyao4ICIjCCAh4wDgYDVR0PAQH/BAQDAgeAMB0GA1UdJQQWMBQG
CCsGAQUFBwMBBggrBgEFBQcDAjAMBgNVHRMBAf8EAjAAMB0GA1UdDgQWBBQFSYkp
pZN6wv2Dft08uHLSik1leTAfBgNVHSMEGDAWgBSTJ0aYA6lRaI6Y1sRCSNsjv1iU
0jAyBggrBgEFBQcBAQQmMCQwIgYIKwYBBQUHMAKGFmh0dHA6Ly9lNi5pLmxlbmNy
Lm9yZy8wHgYDVR0RBBcwFYITbWVkLXZvaWNlLXJlY29yZC5kZTATBgNVHSAEDDAK
MAgGBmeBDAECATAuBgNVHR8EJzAlMCOgIaAfhh1odHRwOi8vZTYuYy5sZW5jci5v
cmcvMTE1LmNybDCCAQQGCisGAQQB1nkCBAIEgfUEgfIA8AB2AA3h8jAr0w3BQGIS
CepVLvxHdHyx1+kw7w5CHrR+Tqo0AAABmB530MwAAAQDAEcwRQIgWtEnvESBEpuy
lYoM48EfIyHT/hNCFV1KHWy9+LCISRsCIQDRTjjvHO3TC9QpY117lUOiJePBVq1X
HBlAVL0uSS9S8wB2ABLxTjS9U3JMhAYZw48/ehP457Vih4icbTAFhOvlhiY6AAAB
mB530M0AAAQDAEcwRQIgQwNLd+tMjPPHokGtBeJ1GDg9GUvjy+8BAb6IquTGx/EC
IQCnM+0/KvzFDhhu4ecyKw/JkpwDYP21PMZ3TTWRcg3fUjAKBggqhkjOPQQDAwNn
ADBkAjAVfi4x8PEpt4/oY+3f2Vryi7lSrT0dTEw2hZlM4mVbErfQIuO/jAExC8xt
J6QvwqUCMES2In7o0P64CbJi68E8mBfpksxJLAVcoFLjrFTmmW2fgQv8O+NXxXr+
Iy4FX2JEiA==
-----END CERTIFICATE-----

-----BEGIN CERTIFICATE-----
MIIEVzCCAj+gAwIBAgIRALBXPpFzlydw27SHyzpFKzgwDQYJKoZIhvcNAQELBQAw
TzELMAkGA1UEBhMCVVMxKTAnBgNVBAoTIEludGVybmV0IFNlY3VyaXR5IFJlc2Vh
cmNoIEdyb3VwMRUwEwYDVQQDEwxJU1JHIFJvb3QgWDEwHhcNMjQwMzEzMDAwMDAw
WhcNMjcwMzEyMjM1OTU5WjAyMQswCQYDVQQGEwJVUzEWMBQGA1UEChMNTGV0J3Mg
RW5jcnlwdDELMAkGA1UEAxMCRTYwdjAQBgcqhkjOPQIBBgUrgQQAIgNiAATZ8Z5G
h/ghcWCoJuuj+rnq2h25EqfUJtlRFLFhfHWWvyILOR/VvtEKRqotPEoJhC6+QJVV
6RlAN2Z17TJOdwRJ+HB7wxjnzvdxEP6sdNgA1O1tHHMWMxCcOrLqbGL0vbijgfgw
gfUwDgYDVR0PAQH/BAQDAgGGMB0GA1UdJQQWMBQGCCsGAQUFBwMCBggrBgEFBQcD
ATASBgNVHRMBAf8ECDAGAQH/AgEAMB0GA1UdDgQWBBSTJ0aYA6lRaI6Y1sRCSNsj
v1iU0jAfBgNVHSMEGDAWgBR5tFnme7bl5AFzgAiIyBpY9umbbjAyBggrBgEFBQcB
AQQmMCQwIgYIKwYBBQUHMAKGFmh0dHA6Ly94MS5pLmxlbmNyLm9yZy8wEwYDVR0g
BAwwCjAIBgZngQwBAgEwJwYDVR0fBCAwHjAcoBqgGIYWaHR0cDovL3gxLmMubGVu
Y3Iub3JnLzANBgkqhkiG9w0BAQsFAAOCAgEAfYt7SiA1sgWGCIpunk46r4AExIRc
MxkKgUhNlrrv1B21hOaXN/5miE+LOTbrcmU/M9yvC6MVY730GNFoL8IhJ8j8vrOL
pMY22OP6baS1k9YMrtDTlwJHoGby04ThTUeBDksS9RiuHvicZqBedQdIF65pZuhp
eDcGBcLiYasQr/EO5gxxtLyTmgsHSOVSBcFOn9lgv7LECPq9i7mfH3mpxgrRKSxH
pOoZ0KXMcB+hHuvlklHntvcI0mMMQ0mhYj6qtMFStkF1RpCG3IPdIwpVCQqu8GV7
s8ubknRzs+3C/Bm19RFOoiPpDkwvyNfvmQ14XkyqqKK5oZ8zhD32kFRQkxa8uZSu
h4aTImFxknu39waBxIRXE4jKxlAmQc4QjFZoq1KmQqQg0J/1JF8RlFvJas1VcjLv
YlvUB2t6npO6oQjB3l+PNf0DpQH7iUx3Wz5AjQCi6L25FjyE06q6BZ/QlmtYdl/8
ZYao4SRqPEs/6cAiF+Qf5zg2UkaWtDphl1LKMuTNLotvsX99HP69V2faNyegodQ0
LyTApr/vT01YPE46vNsDLgK+4cL6TrzC/a4WcmF5SRJ938zrv/duJHLXQIku5v0+
EwOy59Hdm0PT/Er/84dDV0CSjdR/2XuZM3kpysSKLgD1cKiDA+IRguODCxfO9cyY
Ig46v9mFmBvyH04=
-----END CERTIFICATE-----

2025-07-18 16:57:07,180:DEBUG:acme.client:Storing nonce: wXtwBRDtaE8bw5pPxPKYv2F09ydKxd7lSL-ZsKFrYmggenz33g4
2025-07-18 16:57:07,181:DEBUG:certbot._internal.storage:Creating directory /etc/letsencrypt/archive.
2025-07-18 16:57:07,182:DEBUG:certbot._internal.storage:Creating directory /etc/letsencrypt/live.
2025-07-18 16:57:07,182:DEBUG:certbot._internal.storage:Writing README to /etc/letsencrypt/live/README.
2025-07-18 16:57:07,182:DEBUG:certbot._internal.storage:Creating directory /etc/letsencrypt/archive/med-voice-record.de.
2025-07-18 16:57:07,182:DEBUG:certbot._internal.storage:Creating directory /etc/letsencrypt/live/med-voice-record.de.
2025-07-18 16:57:07,182:DEBUG:certbot._internal.storage:Writing certificate to /etc/letsencrypt/live/med-voice-record.de/cert.pem.
2025-07-18 16:57:07,182:DEBUG:certbot._internal.storage:Writing private key to /etc/letsencrypt/live/med-voice-record.de/privkey.pem.
2025-07-18 16:57:07,182:DEBUG:certbot._internal.storage:Writing chain to /etc/letsencrypt/live/med-voice-record.de/chain.pem.
2025-07-18 16:57:07,182:DEBUG:certbot._internal.storage:Writing full chain to /etc/letsencrypt/live/med-voice-record.de/fullchain.pem.
2025-07-18 16:57:07,183:DEBUG:certbot._internal.storage:Writing README to /etc/letsencrypt/live/med-voice-record.de/README.
2025-07-18 16:57:07,195:DEBUG:certbot.configuration:Var account=39790f58d81bbee1ec930a4fde1f96a3 (set by user).
2025-07-18 16:57:07,195:DEBUG:certbot._internal.plugins.selection:Requested authenticator apache and installer apache
2025-07-18 16:57:07,195:DEBUG:certbot._internal.plugins.selection:Requested authenticator apache and installer apache
2025-07-18 16:57:07,195:DEBUG:certbot._internal.storage:Writing new config /etc/letsencrypt/renewal/med-voice-record.de.conf.
2025-07-18 16:57:07,197:DEBUG:certbot._internal.display.obj:Notifying user: 
Successfully received certificate.
Certificate is saved at: /etc/letsencrypt/live/med-voice-record.de/fullchain.pem
Key is saved at:         /etc/letsencrypt/live/med-voice-record.de/privkey.pem
This certificate expires on 2025-10-16.
These files will be updated when the certificate renews.
Certbot has set up a scheduled task to automatically renew this certificate in the background.

2025-07-18 16:57:07,197:DEBUG:certbot._internal.display.obj:Notifying user: Deploying certificate
2025-07-18 16:57:07,204:INFO:certbot_apache._internal.configurator:Created an SSL vhost at /etc/apache2/sites-available/webApp-le-ssl.conf
2025-07-18 16:57:07,210:DEBUG:certbot.reverter:Creating backup of /etc/apache2/sites-available/webApp-le-ssl.conf
2025-07-18 16:57:07,252:INFO:certbot_apache._internal.override_debian:Enabled Apache socache_shmcb module
2025-07-18 16:57:07,396:INFO:certbot_apache._internal.override_debian:Enabled Apache ssl module
2025-07-18 16:57:07,589:INFO:certbot_apache._internal.configurator:Deploying Certificate to VirtualHost /etc/apache2/sites-available/webApp-le-ssl.conf
2025-07-18 16:57:07,590:INFO:certbot_apache._internal.override_debian:Enabling available site: /etc/apache2/sites-available/webApp-le-ssl.conf
2025-07-18 16:57:07,590:DEBUG:certbot._internal.display.obj:Notifying user: Successfully deployed certificate for med-voice-record.de to /etc/apache2/sites-available/webApp-le-ssl.conf
2025-07-18 16:57:07,632:ERROR:certbot.util:Error while running apache2ctl configtest.

AH00526: Syntax error on line 6 of /etc/apache2/sites-enabled/webApp.conf:
Name duplicates previous WSGI daemon definition.

2025-07-18 16:57:07,633:DEBUG:certbot._internal.error_handler:Encountered exception:
Traceback (most recent call last):
  File "/usr/lib/python3/dist-packages/certbot_apache/_internal/configurator.py", line 2398, in config_test
    util.run_script(self.options.conftest_cmd)
  File "/usr/lib/python3/dist-packages/certbot/util.py", line 199, in run_script
    raise errors.SubprocessError(msg)
certbot.errors.SubprocessError: Error while running apache2ctl configtest.

AH00526: Syntax error on line 6 of /etc/apache2/sites-enabled/webApp.conf:
Name duplicates previous WSGI daemon definition.


During handling of the above exception, another exception occurred:

Traceback (most recent call last):
  File "/usr/lib/python3/dist-packages/certbot/_internal/client.py", line 671, in deploy_certificate
    self.installer.restart()
  File "/usr/lib/python3/dist-packages/certbot_apache/_internal/configurator.py", line 2363, in restart
    self.config_test()
  File "/usr/lib/python3/dist-packages/certbot_apache/_internal/configurator.py", line 2400, in config_test
    raise errors.MisconfigurationError(str(err))
certbot.errors.MisconfigurationError: Error while running apache2ctl configtest.

AH00526: Syntax error on line 6 of /etc/apache2/sites-enabled/webApp.conf:
Name duplicates previous WSGI daemon definition.


2025-07-18 16:57:07,633:DEBUG:certbot._internal.error_handler:Calling registered functions
2025-07-18 16:57:07,633:INFO:certbot._internal.client:Rolling back to previous server configuration...
2025-07-18 16:57:07,802:DEBUG:certbot._internal.display.obj:Notifying user: We were unable to install your certificate, however, we successfully restored your server to its prior configuration.
2025-07-18 16:57:07,803:DEBUG:certbot._internal.display.obj:Notifying user: NEXT STEPS:
2025-07-18 16:57:07,803:DEBUG:certbot._internal.display.obj:Notifying user: - The certificate was saved, but could not be installed (installer: apache). After fixing the error shown below, try installing it again by running:
  certbot install --cert-name med-voice-record.de
2025-07-18 16:57:07,803:DEBUG:certbot._internal.log:Exiting abnormally:
Traceback (most recent call last):
  File "/usr/lib/python3/dist-packages/certbot_apache/_internal/configurator.py", line 2398, in config_test
    util.run_script(self.options.conftest_cmd)
  File "/usr/lib/python3/dist-packages/certbot/util.py", line 199, in run_script
    raise errors.SubprocessError(msg)
certbot.errors.SubprocessError: Error while running apache2ctl configtest.

AH00526: Syntax error on line 6 of /etc/apache2/sites-enabled/webApp.conf:
Name duplicates previous WSGI daemon definition.


During handling of the above exception, another exception occurred:

Traceback (most recent call last):
  File "/usr/bin/certbot", line 33, in <module>
    sys.exit(load_entry_point('certbot==2.9.0', 'console_scripts', 'certbot')())
             ^^^^^^^^^^^^^^^^^^^^^^^^^^^^^^^^^^^^^^^^^^^^^^^^^^^^^^^^^^^^^^^^^^
  File "/usr/lib/python3/dist-packages/certbot/main.py", line 19, in main
    return internal_main.main(cli_args)
           ^^^^^^^^^^^^^^^^^^^^^^^^^^^^
  File "/usr/lib/python3/dist-packages/certbot/_internal/main.py", line 1894, in main
    return config.func(config, plugins)
           ^^^^^^^^^^^^^^^^^^^^^^^^^^^^
  File "/usr/lib/python3/dist-packages/certbot/_internal/main.py", line 1480, in run
    raise installer_err
  File "/usr/lib/python3/dist-packages/certbot/_internal/main.py", line 1464, in run
    _install_cert(config, le_client, domains, new_lineage)
  File "/usr/lib/python3/dist-packages/certbot/_internal/main.py", line 1058, in _install_cert
    le_client.deploy_certificate(domains, path_provider.key_path, path_provider.cert_path,
  File "/usr/lib/python3/dist-packages/certbot/_internal/client.py", line 671, in deploy_certificate
    self.installer.restart()
  File "/usr/lib/python3/dist-packages/certbot_apache/_internal/configurator.py", line 2363, in restart
    self.config_test()
  File "/usr/lib/python3/dist-packages/certbot_apache/_internal/configurator.py", line 2400, in config_test
    raise errors.MisconfigurationError(str(err))
certbot.errors.MisconfigurationError: Error while running apache2ctl configtest.

AH00526: Syntax error on line 6 of /etc/apache2/sites-enabled/webApp.conf:
Name duplicates previous WSGI daemon definition.

2025-07-18 16:57:07,804:ERROR:certbot._internal.log:Error while running apache2ctl configtest.

AH00526: Syntax error on line 6 of /etc/apache2/sites-enabled/webApp.conf:
Name duplicates previous WSGI daemon definition.

2025-07-18 17:03:12,735:DEBUG:certbot._internal.main:certbot version: 2.9.0
2025-07-18 17:03:12,735:DEBUG:certbot._internal.main:Location of certbot entry point: /usr/bin/certbot
2025-07-18 17:03:12,735:DEBUG:certbot._internal.main:Arguments: ['--apache']
2025-07-18 17:03:12,735:DEBUG:certbot._internal.main:Discovered plugins: PluginsRegistry(PluginEntryPoint#apache,PluginEntryPoint#manual,PluginEntryPoint#null,PluginEntryPoint#standalone,PluginEntryPoint#webroot)
2025-07-18 17:03:12,741:DEBUG:certbot._internal.log:Root logging level set at 30
2025-07-18 17:03:12,742:DEBUG:certbot._internal.plugins.selection:Requested authenticator apache and installer apache
2025-07-18 17:03:12,796:DEBUG:certbot_apache._internal.configurator:Apache version is 2.4.58
2025-07-18 17:03:12,951:DEBUG:certbot._internal.plugins.selection:Single candidate plugin: * apache
Description: Apache Web Server plugin
Interfaces: Authenticator, Installer, Plugin
Entry point: EntryPoint(name='apache', value='certbot_apache._internal.entrypoint:ENTRYPOINT', group='certbot.plugins')
Initialized: <certbot_apache._internal.override_debian.DebianConfigurator object at 0x75dabd5ebc80>
Prep: True
2025-07-18 17:03:12,951:DEBUG:certbot._internal.plugins.selection:Selected authenticator <certbot_apache._internal.override_debian.DebianConfigurator object at 0x75dabd5ebc80> and installer <certbot_apache._internal.override_debian.DebianConfigurator object at 0x75dabd5ebc80>
2025-07-18 17:03:12,951:INFO:certbot._internal.plugins.selection:Plugins selected: Authenticator apache, Installer apache
2025-07-18 17:03:13,000:DEBUG:certbot._internal.main:Picked account: <Account(RegistrationResource(body=Registration(key=None, contact=(), agreement=None, status=None, terms_of_service_agreed=None, only_return_existing=None, external_account_binding=None), uri='https://acme-v02.api.letsencrypt.org/acme/acct/2537616271', new_authzr_uri=None, terms_of_service=None), 39790f58d81bbee1ec930a4fde1f96a3, Meta(creation_dt=datetime.datetime(2025, 7, 18, 16, 56, 51, tzinfo=<UTC>), creation_host='ubuntu', register_to_eff=None))>
2025-07-18 17:03:13,000:DEBUG:acme.client:Sending GET request to https://acme-v02.api.letsencrypt.org/directory.
2025-07-18 17:03:13,002:DEBUG:urllib3.connectionpool:Starting new HTTPS connection (1): acme-v02.api.letsencrypt.org:443
2025-07-18 17:03:13,442:DEBUG:urllib3.connectionpool:https://acme-v02.api.letsencrypt.org:443 "GET /directory HTTP/1.1" 200 995
2025-07-18 17:03:13,442:DEBUG:acme.client:Received response:
HTTP 200
Server: nginx
Date: Fri, 18 Jul 2025 17:03:13 GMT
Content-Type: application/json
Content-Length: 995
Connection: keep-alive
Cache-Control: public, max-age=0, no-cache
X-Frame-Options: DENY
Strict-Transport-Security: max-age=604800

{
  "i6KaB_-DoZ4": "https://community.letsencrypt.org/t/adding-random-entries-to-the-directory/33417",
  "keyChange": "https://acme-v02.api.letsencrypt.org/acme/key-change",
  "meta": {
    "caaIdentities": [
      "letsencrypt.org"
    ],
    "profiles": {
      "classic": "https://letsencrypt.org/docs/profiles#classic",
      "shortlived": "https://letsencrypt.org/docs/profiles#shortlived (not yet generally available)",
      "tlsserver": "https://letsencrypt.org/docs/profiles#tlsserver"
    },
    "termsOfService": "https://letsencrypt.org/documents/LE-SA-v1.5-February-24-2025.pdf",
    "website": "https://letsencrypt.org"
  },
  "newAccount": "https://acme-v02.api.letsencrypt.org/acme/new-acct",
  "newNonce": "https://acme-v02.api.letsencrypt.org/acme/new-nonce",
  "newOrder": "https://acme-v02.api.letsencrypt.org/acme/new-order",
  "renewalInfo": "https://acme-v02.api.letsencrypt.org/acme/renewal-info",
  "revokeCert": "https://acme-v02.api.letsencrypt.org/acme/revoke-cert"
}
2025-07-18 17:03:15,441:INFO:certbot.ocsp:Cannot extract OCSP URI from /etc/letsencrypt/archive/med-voice-record.de/cert1.pem
2025-07-18 17:03:15,444:DEBUG:certbot._internal.display.obj:Notifying user: Certificate not yet due for renewal
2025-07-18 17:03:17,348:INFO:certbot._internal.main:Keeping the existing certificate
2025-07-18 17:03:17,349:DEBUG:certbot._internal.display.obj:Notifying user: Deploying certificate
2025-07-18 17:03:17,379:INFO:certbot_apache._internal.override_debian:Enabled Apache socache_shmcb module
2025-07-18 17:03:17,520:INFO:certbot_apache._internal.override_debian:Enabled Apache ssl module
2025-07-18 17:03:17,700:DEBUG:certbot.reverter:Creating backup of /etc/apache2/sites-enabled/webApp.conf
2025-07-18 17:03:17,714:INFO:certbot_apache._internal.configurator:Deploying Certificate to VirtualHost /etc/apache2/sites-enabled/webApp.conf
2025-07-18 17:03:17,714:DEBUG:certbot._internal.display.obj:Notifying user: Successfully deployed certificate for med-voice-record.de to /etc/apache2/sites-enabled/webApp.conf
2025-07-18 17:03:17,873:INFO:certbot_apache._internal.override_debian:Enabled Apache rewrite module
2025-07-18 17:03:18,002:DEBUG:certbot.reverter:Creating backup of /etc/apache2/sites-enabled/webApp.conf
2025-07-18 17:03:18,013:INFO:certbot_apache._internal.configurator:Redirecting vhost in /etc/apache2/sites-enabled/webApp.conf to ssl vhost in /etc/apache2/sites-enabled/webApp.conf
2025-07-18 17:03:18,128:DEBUG:certbot._internal.display.obj:Notifying user: Congratulations! You have successfully enabled HTTPS on https://med-voice-record.de
2025-07-18 17:03:18,128:DEBUG:certbot._internal.display.obj:Notifying user: If you like Certbot, please consider supporting our work by:
 * Donating to ISRG / Let's Encrypt:   https://letsencrypt.org/donate
 * Donating to EFF:                    https://eff.org/donate-le
2025-07-18 17:04:57,136:DEBUG:certbot._internal.main:certbot version: 2.9.0
2025-07-18 17:04:57,136:DEBUG:certbot._internal.main:Location of certbot entry point: /usr/bin/certbot
2025-07-18 17:04:57,136:DEBUG:certbot._internal.main:Arguments: ['--dry-run']
2025-07-18 17:04:57,136:DEBUG:certbot._internal.main:Discovered plugins: PluginsRegistry(PluginEntryPoint#apache,PluginEntryPoint#manual,PluginEntryPoint#null,PluginEntryPoint#standalone,PluginEntryPoint#webroot)
2025-07-18 17:04:57,143:DEBUG:certbot._internal.log:Root logging level set at 30
2025-07-18 17:04:57,143:DEBUG:certbot._internal.display.obj:Notifying user: Processing /etc/letsencrypt/renewal/med-voice-record.de.conf
2025-07-18 17:04:57,144:DEBUG:certbot.configuration:Var server=https://acme-staging-v02.api.letsencrypt.org/directory (set by user).
2025-07-18 17:04:57,144:DEBUG:certbot.configuration:Var account=None (set by user).
2025-07-18 17:04:57,144:DEBUG:certbot._internal.plugins.selection:Requested authenticator None and installer None
2025-07-18 17:04:57,144:DEBUG:certbot._internal.plugins.selection:Requested authenticator None and installer None
2025-07-18 17:04:57,167:INFO:certbot.ocsp:Cannot extract OCSP URI from /etc/letsencrypt/archive/med-voice-record.de/cert1.pem
2025-07-18 17:04:57,170:INFO:certbot._internal.renewal:Certificate not due for renewal, but simulating renewal for dry run
2025-07-18 17:04:57,170:DEBUG:certbot._internal.plugins.selection:Requested authenticator apache and installer apache
2025-07-18 17:04:57,227:DEBUG:certbot_apache._internal.configurator:Apache version is 2.4.58
2025-07-18 17:04:57,406:DEBUG:certbot._internal.plugins.selection:Single candidate plugin: * apache
Description: Apache Web Server plugin
Interfaces: Authenticator, Installer, Plugin
Entry point: EntryPoint(name='apache', value='certbot_apache._internal.entrypoint:ENTRYPOINT', group='certbot.plugins')
Initialized: <certbot_apache._internal.override_debian.DebianConfigurator object at 0x7275673d7560>
Prep: True
2025-07-18 17:04:57,407:DEBUG:certbot._internal.plugins.selection:Single candidate plugin: * apache
Description: Apache Web Server plugin
Interfaces: Authenticator, Installer, Plugin
Entry point: EntryPoint(name='apache', value='certbot_apache._internal.entrypoint:ENTRYPOINT', group='certbot.plugins')
Initialized: <certbot_apache._internal.override_debian.DebianConfigurator object at 0x7275673d7560>
Prep: True
2025-07-18 17:04:57,407:DEBUG:certbot._internal.plugins.selection:Selected authenticator <certbot_apache._internal.override_debian.DebianConfigurator object at 0x7275673d7560> and installer <certbot_apache._internal.override_debian.DebianConfigurator object at 0x7275673d7560>
2025-07-18 17:04:57,407:INFO:certbot._internal.plugins.selection:Plugins selected: Authenticator apache, Installer apache
2025-07-18 17:04:57,707:DEBUG:acme.client:Sending GET request to https://acme-staging-v02.api.letsencrypt.org/directory.
2025-07-18 17:04:57,709:DEBUG:urllib3.connectionpool:Starting new HTTPS connection (1): acme-staging-v02.api.letsencrypt.org:443
2025-07-18 17:04:58,161:DEBUG:urllib3.connectionpool:https://acme-staging-v02.api.letsencrypt.org:443 "GET /directory HTTP/1.1" 200 1069
2025-07-18 17:04:58,161:DEBUG:acme.client:Received response:
HTTP 200
Server: nginx
Date: Fri, 18 Jul 2025 17:04:58 GMT
Content-Type: application/json
Content-Length: 1069
Connection: keep-alive
Cache-Control: public, max-age=0, no-cache
X-Frame-Options: DENY
Strict-Transport-Security: max-age=604800

{
  "keyChange": "https://acme-staging-v02.api.letsencrypt.org/acme/key-change",
  "meta": {
    "caaIdentities": [
      "letsencrypt.org"
    ],
    "profiles": {
      "classic": "https://letsencrypt.org/docs/profiles#classic",
      "shortlived": "https://letsencrypt.org/docs/profiles#shortlived (not yet generally available)",
      "tlsserver": "https://letsencrypt.org/docs/profiles#tlsserver"
    },
    "termsOfService": "https://letsencrypt.org/documents/LE-SA-v1.5-February-24-2025.pdf",
    "website": "https://letsencrypt.org/docs/staging-environment/"
  },
  "newAccount": "https://acme-staging-v02.api.letsencrypt.org/acme/new-acct",
  "newNonce": "https://acme-staging-v02.api.letsencrypt.org/acme/new-nonce",
  "newOrder": "https://acme-staging-v02.api.letsencrypt.org/acme/new-order",
  "renewalInfo": "https://acme-staging-v02.api.letsencrypt.org/acme/renewal-info",
  "revokeCert": "https://acme-staging-v02.api.letsencrypt.org/acme/revoke-cert",
  "vjbBbvmJmfo": "https://community.letsencrypt.org/t/adding-random-entries-to-the-directory/33417"
}
2025-07-18 17:04:58,162:DEBUG:acme.client:Requesting fresh nonce
2025-07-18 17:04:58,162:DEBUG:acme.client:Sending HEAD request to https://acme-staging-v02.api.letsencrypt.org/acme/new-nonce.
2025-07-18 17:04:58,304:DEBUG:urllib3.connectionpool:https://acme-staging-v02.api.letsencrypt.org:443 "HEAD /acme/new-nonce HTTP/1.1" 200 0
2025-07-18 17:04:58,305:DEBUG:acme.client:Received response:
HTTP 200
Server: nginx
Date: Fri, 18 Jul 2025 17:04:58 GMT
Connection: keep-alive
Cache-Control: public, max-age=0, no-cache
Link: <https://acme-staging-v02.api.letsencrypt.org/directory>;rel="index"
Replay-Nonce: 8JsvQDukJJAPE1XlyvLNgcyfk-tLWbejVtVAXA5gNNydUAE3Vt8
X-Frame-Options: DENY
Strict-Transport-Security: max-age=604800


2025-07-18 17:04:58,305:DEBUG:acme.client:Storing nonce: 8JsvQDukJJAPE1XlyvLNgcyfk-tLWbejVtVAXA5gNNydUAE3Vt8
2025-07-18 17:04:58,305:DEBUG:acme.client:JWS payload:
b'{\n  "termsOfServiceAgreed": true\n}'
2025-07-18 17:04:58,308:DEBUG:acme.client:Sending POST request to https://acme-staging-v02.api.letsencrypt.org/acme/new-acct:
{
  "protected": "eyJhbGciOiAiUlMyNTYiLCAiandrIjogeyJuIjogInB4dG5ocDM4bDF0dWh2elIwNkNwd1JoazlQd3lMZWRWcGhIa25ST2I1TWxYQ2dldWlYVzdEVzh6MzhJNWV5TEpHV0o4cjc2bUtXWjRhd2RCSF94MUVuWlRSbEVUaHQ5LS1QVTc3ak5menNkU0VrcDloYVdJQ2lkRk9mVGJVNGRDZUJmYngyd2tHRF9Ud3FpVjREdUtOWFd6Y1lIZ2IzSnRDY0stWUVVaEV4UGM5TkdBSkFSc0U5ZjVTSWhxRm82T29KT2RScEVmaTRlbFAwNlc3WW9KalRyQlVFdkRYbjN6UFFWdlhUeTV3TUo1b05ueEpDSnhJcnRFNTFabXA3NTlrenhoTm45cE5ydTVqOGJNQXBKZFNQTGtGV1E2ZGhSZFo2aFRsX3ZZdW5vZzYzN2ZaT0xwTTRxWkloS2NnVjZsZHplUWNSMVlfczBTbjlwX1FXM0dMdyIsICJlIjogIkFRQUIiLCAia3R5IjogIlJTQSJ9LCAibm9uY2UiOiAiOEpzdlFEdWtKSkFQRTFYbHl2TE5nY3lmay10TFdiZWpWdFZBWEE1Z05OeWRVQUUzVnQ4IiwgInVybCI6ICJodHRwczovL2FjbWUtc3RhZ2luZy12MDIuYXBpLmxldHNlbmNyeXB0Lm9yZy9hY21lL25ldy1hY2N0In0",
  "signature": "FeSh-30yPt3OEjGIbTidSna1zNYHb14OfExNur50kBlBtP9SmHDXawnTlEpFfMhTA5xhAwXfNNkUCsPsYnK3MMKithBRSZ-d7mbomIenTKv0_0JhqjlfyXijbCX6F_IV-o1uKmrLSAmlKhtFVO6TBFUxUeMMRGNl5ImxLJLTb9iNPUjaKIuPkk9i0CmAgGo7kA-FGV5PkcdcAKrpj8TOcOPmbMb32qmFFUz7pVklImMQW4gmf7px8AAn627IkSYGW5FxciC6wwznI-V9OKAtZKqDNBoQHqcn2KpfxrkeHBBQe_sXt4hdfKmpDCogid7Lji7Uo_9LV0a4nEaoLIk68w",
  "payload": "ewogICJ0ZXJtc09mU2VydmljZUFncmVlZCI6IHRydWUKfQ"
}
2025-07-18 17:04:58,514:DEBUG:urllib3.connectionpool:https://acme-staging-v02.api.letsencrypt.org:443 "POST /acme/new-acct HTTP/1.1" 201 476
2025-07-18 17:04:58,515:DEBUG:acme.client:Received response:
HTTP 201
Server: nginx
Date: Fri, 18 Jul 2025 17:04:58 GMT
Content-Type: application/json
Content-Length: 476
Connection: keep-alive
Boulder-Requester: 213985174
Cache-Control: public, max-age=0, no-cache
Link: <https://acme-staging-v02.api.letsencrypt.org/directory>;rel="index", <https://letsencrypt.org/documents/LE-SA-v1.5-February-24-2025.pdf>;rel="terms-of-service"
Location: https://acme-staging-v02.api.letsencrypt.org/acme/acct/213985174
Replay-Nonce: WqSL1hmcUbH0umpBYAoAdReGGW0zbgPAdDoVGbrgntTN0p8j__o
X-Frame-Options: DENY
Strict-Transport-Security: max-age=604800

{
  "key": {
    "kty": "RSA",
    "n": "pxtnhp38l1tuhvzR06CpwRhk9PwyLedVphHknROb5MlXCgeuiXW7DW8z38I5eyLJGWJ8r76mKWZ4awdBH_x1EnZTRlETht9--PU77jNfzsdSEkp9haWICidFOfTbU4dCeBfbx2wkGD_TwqiV4DuKNXWzcYHgb3JtCcK-YEUhExPc9NGAJARsE9f5SIhqFo6OoJOdRpEfi4elP06W7YoJjTrBUEvDXn3zPQVvXTy5wMJ5oNnxJCJxIrtE51Zmp759kzxhNn9pNru5j8bMApJdSPLkFWQ6dhRdZ6hTl_vYunog637fZOLpM4qZIhKcgV6ldzeQcR1Y_s0Sn9p_QW3GLw",
    "e": "AQAB"
  },
  "createdAt": "2025-07-18T17:04:58.44681057Z",
  "status": "valid"
}
2025-07-18 17:04:58,515:DEBUG:acme.client:Storing nonce: WqSL1hmcUbH0umpBYAoAdReGGW0zbgPAdDoVGbrgntTN0p8j__o
2025-07-18 17:04:58,530:DEBUG:certbot._internal.display.obj:Notifying user: Account registered.
2025-07-18 17:04:58,530:DEBUG:certbot._internal.main:Picked account: <Account(RegistrationResource(body=Registration(key=JWKRSA(key=<ComparableRSAKey(<cryptography.hazmat.backends.openssl.rsa._RSAPublicKey object at 0x727564db5580>)>), contact=(), agreement=None, status='valid', terms_of_service_agreed=None, only_return_existing=None, external_account_binding=None), uri='https://acme-staging-v02.api.letsencrypt.org/acme/acct/213985174', new_authzr_uri=None, terms_of_service='https://letsencrypt.org/documents/LE-SA-v1.5-February-24-2025.pdf'), 3bd988969ddff7b70d65f2783d7dbf5b, Meta(creation_dt=datetime.datetime(2025, 7, 18, 17, 4, 58, tzinfo=<UTC>), creation_host='ubuntu', register_to_eff=None))>
2025-07-18 17:04:58,531:DEBUG:certbot._internal.display.obj:Notifying user: Simulating renewal of an existing certificate for med-voice-record.de
2025-07-18 17:04:58,535:DEBUG:acme.client:JWS payload:
b'{\n  "identifiers": [\n    {\n      "type": "dns",\n      "value": "med-voice-record.de"\n    }\n  ]\n}'
2025-07-18 17:04:58,536:DEBUG:acme.client:Sending POST request to https://acme-staging-v02.api.letsencrypt.org/acme/new-order:
{
  "protected": "eyJhbGciOiAiUlMyNTYiLCAia2lkIjogImh0dHBzOi8vYWNtZS1zdGFnaW5nLXYwMi5hcGkubGV0c2VuY3J5cHQub3JnL2FjbWUvYWNjdC8yMTM5ODUxNzQiLCAibm9uY2UiOiAiV3FTTDFobWNVYkgwdW1wQllBb0FkUmVHR1cwemJnUEFkRG9WR2JyZ250VE4wcDhqX19vIiwgInVybCI6ICJodHRwczovL2FjbWUtc3RhZ2luZy12MDIuYXBpLmxldHNlbmNyeXB0Lm9yZy9hY21lL25ldy1vcmRlciJ9",
  "signature": "pw5pJBPBnDVSzdelcmQ3e5IZB80DY8rN_CHUgtQ8gA29wtHOKnbHmw2_lfBkncRMYo5M7WfiVcpv-yXhJ7WG-aF_t-aswFoYlLhu9HMNkgFTCQe5hgVSgJoTyI5QD3DScBDRvouwP_3QqrfBfeUxzNbIFZEyXfXyv4BPvFpHHDxalbGqY8_pJIWOgy3rmHeUxyIFYB-jyEGQcERVUUqsBFTX7LpJiXgv5Evzmq5YKBSip6b9Uqou5zz0un1BTqH9c5eMzJqz2W3wwYLYeGSMT3Ysllwl91TVhExC3q5fDDlGfKaQpI_SPyDjT-ziKOGxZBgN3xkwXOak3A7_3-Gj9A",
  "payload": "ewogICJpZGVudGlmaWVycyI6IFsKICAgIHsKICAgICAgInR5cGUiOiAiZG5zIiwKICAgICAgInZhbHVlIjogIm1lZC12b2ljZS1yZWNvcmQuZGUiCiAgICB9CiAgXQp9"
}
2025-07-18 17:04:58,698:DEBUG:urllib3.connectionpool:https://acme-staging-v02.api.letsencrypt.org:443 "POST /acme/new-order HTTP/1.1" 201 365
2025-07-18 17:04:58,699:DEBUG:acme.client:Received response:
HTTP 201
Server: nginx
Date: Fri, 18 Jul 2025 17:04:58 GMT
Content-Type: application/json
Content-Length: 365
Connection: keep-alive
Boulder-Requester: 213985174
Cache-Control: public, max-age=0, no-cache
Link: <https://acme-staging-v02.api.letsencrypt.org/directory>;rel="index"
Location: https://acme-staging-v02.api.letsencrypt.org/acme/order/213985174/26131448834
Replay-Nonce: WqSL1hmc1yjJIzAcgGmpz_rGn5LOUyHnmvgF2kk8Sx4tjoUW1wE
X-Frame-Options: DENY
Strict-Transport-Security: max-age=604800

{
  "status": "pending",
  "expires": "2025-07-25T17:04:58Z",
  "identifiers": [
    {
      "type": "dns",
      "value": "med-voice-record.de"
    }
  ],
  "authorizations": [
    "https://acme-staging-v02.api.letsencrypt.org/acme/authz/213985174/18564038894"
  ],
  "finalize": "https://acme-staging-v02.api.letsencrypt.org/acme/finalize/213985174/26131448834"
}
2025-07-18 17:04:58,699:DEBUG:acme.client:Storing nonce: WqSL1hmc1yjJIzAcgGmpz_rGn5LOUyHnmvgF2kk8Sx4tjoUW1wE
2025-07-18 17:04:58,699:DEBUG:acme.client:JWS payload:
b''
2025-07-18 17:04:58,700:DEBUG:acme.client:Sending POST request to https://acme-staging-v02.api.letsencrypt.org/acme/authz/213985174/18564038894:
{
  "protected": "eyJhbGciOiAiUlMyNTYiLCAia2lkIjogImh0dHBzOi8vYWNtZS1zdGFnaW5nLXYwMi5hcGkubGV0c2VuY3J5cHQub3JnL2FjbWUvYWNjdC8yMTM5ODUxNzQiLCAibm9uY2UiOiAiV3FTTDFobWMxeWpKSXpBY2dHbXB6X3JHbjVMT1V5SG5tdmdGMmtrOFN4NHRqb1VXMXdFIiwgInVybCI6ICJodHRwczovL2FjbWUtc3RhZ2luZy12MDIuYXBpLmxldHNlbmNyeXB0Lm9yZy9hY21lL2F1dGh6LzIxMzk4NTE3NC8xODU2NDAzODg5NCJ9",
  "signature": "V0CB1m1UPfaNAW_N51Wsvm09TLWraI1j7Jk09PMILTdLAFQBdbVRmgbq1CvcA_1ZGBDv66R2S_UdMFWSjKU96fU5qsnVrzPAf9_MLfVDV0vda-1UnL_lC-d9rPnPQOx-Rd_V1vp0F6B9CKv4o63jMXL0iFgX5qWrx7L2NQyK3R3TzD-twLwN6yMuWiLqbXS4sC8B_DQBkqqv72vDxUBm_5EgQmz5Zw3TW1o883lBeohjXtvmRVDRD-ZXFa5qSISgY-cfAeVv_XgXHU6ZbaSaXIPlQ1kOrD4orni5rv-IOKB-572wVb0Gr5boOqWmfP2Des9aV-CylT9QAmEwsmmLLw",
  "payload": ""
}
2025-07-18 17:04:58,845:DEBUG:urllib3.connectionpool:https://acme-staging-v02.api.letsencrypt.org:443 "POST /acme/authz/213985174/18564038894 HTTP/1.1" 200 845
2025-07-18 17:04:58,845:DEBUG:acme.client:Received response:
HTTP 200
Server: nginx
Date: Fri, 18 Jul 2025 17:04:58 GMT
Content-Type: application/json
Content-Length: 845
Connection: keep-alive
Boulder-Requester: 213985174
Cache-Control: public, max-age=0, no-cache
Link: <https://acme-staging-v02.api.letsencrypt.org/directory>;rel="index"
Replay-Nonce: WqSL1hmcJOhTHEjT4L1OTOLXZN2h_XQ9pBqYP4suBkNlnYKUBgA
X-Frame-Options: DENY
Strict-Transport-Security: max-age=604800

{
  "identifier": {
    "type": "dns",
    "value": "med-voice-record.de"
  },
  "status": "pending",
  "expires": "2025-07-25T17:04:58Z",
  "challenges": [
    {
      "type": "dns-01",
      "url": "https://acme-staging-v02.api.letsencrypt.org/acme/chall/213985174/18564038894/3hakCg",
      "status": "pending",
      "token": "SJi5QjLEB_SRMql44IFiKpwyATwMxGNQp2jBZMPIZdk"
    },
    {
      "type": "tls-alpn-01",
      "url": "https://acme-staging-v02.api.letsencrypt.org/acme/chall/213985174/18564038894/dNJreQ",
      "status": "pending",
      "token": "SJi5QjLEB_SRMql44IFiKpwyATwMxGNQp2jBZMPIZdk"
    },
    {
      "type": "http-01",
      "url": "https://acme-staging-v02.api.letsencrypt.org/acme/chall/213985174/18564038894/uX3KbQ",
      "status": "pending",
      "token": "SJi5QjLEB_SRMql44IFiKpwyATwMxGNQp2jBZMPIZdk"
    }
  ]
}
2025-07-18 17:04:58,845:DEBUG:acme.client:Storing nonce: WqSL1hmcJOhTHEjT4L1OTOLXZN2h_XQ9pBqYP4suBkNlnYKUBgA
2025-07-18 17:04:58,846:INFO:certbot._internal.auth_handler:Performing the following challenges:
2025-07-18 17:04:58,846:INFO:certbot._internal.auth_handler:http-01 challenge for med-voice-record.de
2025-07-18 17:04:58,849:DEBUG:certbot_apache._internal.http_01:Adding a temporary challenge validation Include for name: med-voice-record.de in: /etc/apache2/sites-enabled/webApp.conf
2025-07-18 17:04:58,850:DEBUG:certbot_apache._internal.http_01:Adding a temporary challenge validation Include for name: med-voice-record.de in: /etc/apache2/sites-enabled/webApp.conf
2025-07-18 17:04:58,850:DEBUG:certbot_apache._internal.http_01:writing a pre config file with text:
         RewriteEngine on
        RewriteRule ^/\.well-known/acme-challenge/([A-Za-z0-9-_=]+)$ /var/lib/letsencrypt/http_challenges/$1 [END]
    
2025-07-18 17:04:58,850:DEBUG:certbot_apache._internal.http_01:writing a post config file with text:
         <Directory /var/lib/letsencrypt/http_challenges>
            Require all granted
        </Directory>
        <Location /.well-known/acme-challenge>
            Require all granted
        </Location>
    
2025-07-18 17:04:58,860:DEBUG:certbot.reverter:Creating backup of /etc/apache2/sites-enabled/webApp.conf
2025-07-18 17:05:01,988:DEBUG:acme.client:JWS payload:
b'{}'
2025-07-18 17:05:01,990:DEBUG:acme.client:Sending POST request to https://acme-staging-v02.api.letsencrypt.org/acme/chall/213985174/18564038894/uX3KbQ:
{
  "protected": "eyJhbGciOiAiUlMyNTYiLCAia2lkIjogImh0dHBzOi8vYWNtZS1zdGFnaW5nLXYwMi5hcGkubGV0c2VuY3J5cHQub3JnL2FjbWUvYWNjdC8yMTM5ODUxNzQiLCAibm9uY2UiOiAiV3FTTDFobWNKT2hUSEVqVDRMMU9UT0xYWk4yaF9YUTlwQnFZUDRzdUJrTmxuWUtVQmdBIiwgInVybCI6ICJodHRwczovL2FjbWUtc3RhZ2luZy12MDIuYXBpLmxldHNlbmNyeXB0Lm9yZy9hY21lL2NoYWxsLzIxMzk4NTE3NC8xODU2NDAzODg5NC91WDNLYlEifQ",
  "signature": "RCgdSW4mqKlnH_RLkY5fO09dhZWvBDaol9bEv-eY4_1a_UCasd97wZ15kJ9cGAVeP-tp-ajJ7TBjQ90E1tHZ39j8JDOl724YKXnvbgPzmc1CsL55sh6vSxThShm8ItBKV3Cfi8agtjeergAZaY4_SDKsZ-Vm02OCbI5ooTTq8LiPkY1bdiJLY6Xw1HSP1940ye6dMUsu0hUcwW-ytmjZ_Vq-anE-w9CBcM9KBn3pa4ow-4K14q3PuDT920Iql4tG_6msXQ4NYE2JgCSp8VBb4B8XYpjaTj0n6LXgwSCkptXfMwTAzITD9e4tsykx7-_Znqfm-1yguNzz07nXO909pQ",
  "payload": "e30"
}
2025-07-18 17:05:02,135:DEBUG:urllib3.connectionpool:https://acme-staging-v02.api.letsencrypt.org:443 "POST /acme/chall/213985174/18564038894/uX3KbQ HTTP/1.1" 200 201
2025-07-18 17:05:02,135:DEBUG:acme.client:Received response:
HTTP 200
Server: nginx
Date: Fri, 18 Jul 2025 17:05:02 GMT
Content-Type: application/json
Content-Length: 201
Connection: keep-alive
Boulder-Requester: 213985174
Cache-Control: public, max-age=0, no-cache
Link: <https://acme-staging-v02.api.letsencrypt.org/directory>;rel="index", <https://acme-staging-v02.api.letsencrypt.org/acme/authz/213985174/18564038894>;rel="up"
Location: https://acme-staging-v02.api.letsencrypt.org/acme/chall/213985174/18564038894/uX3KbQ
Replay-Nonce: 8JsvQDukVt1Ygxs0GCmNBGYTM1IkT3hNEtJKCxp3Xx_4NnnjNEA
X-Frame-Options: DENY
Strict-Transport-Security: max-age=604800

{
  "type": "http-01",
  "url": "https://acme-staging-v02.api.letsencrypt.org/acme/chall/213985174/18564038894/uX3KbQ",
  "status": "pending",
  "token": "SJi5QjLEB_SRMql44IFiKpwyATwMxGNQp2jBZMPIZdk"
}
2025-07-18 17:05:02,135:DEBUG:acme.client:Storing nonce: 8JsvQDukVt1Ygxs0GCmNBGYTM1IkT3hNEtJKCxp3Xx_4NnnjNEA
2025-07-18 17:05:02,136:INFO:certbot._internal.auth_handler:Waiting for verification...
2025-07-18 17:05:03,136:DEBUG:acme.client:JWS payload:
b''
2025-07-18 17:05:03,137:DEBUG:acme.client:Sending POST request to https://acme-staging-v02.api.letsencrypt.org/acme/authz/213985174/18564038894:
{
  "protected": "eyJhbGciOiAiUlMyNTYiLCAia2lkIjogImh0dHBzOi8vYWNtZS1zdGFnaW5nLXYwMi5hcGkubGV0c2VuY3J5cHQub3JnL2FjbWUvYWNjdC8yMTM5ODUxNzQiLCAibm9uY2UiOiAiOEpzdlFEdWtWdDFZZ3hzMEdDbU5CR1lUTTFJa1QzaE5FdEpLQ3hwM1h4XzRObm5qTkVBIiwgInVybCI6ICJodHRwczovL2FjbWUtc3RhZ2luZy12MDIuYXBpLmxldHNlbmNyeXB0Lm9yZy9hY21lL2F1dGh6LzIxMzk4NTE3NC8xODU2NDAzODg5NCJ9",
  "signature": "TecOyIwUi1L5J7mXJWtqGXKebKAJkbB2Sjys4Zvx4R3MB67dyNO1jqDJ0eLXwtTvRuWK1gZPCEYQ8BA5g4AM8Ow4XAZcCYgKZk-DIknNatQs0eOhAeQp-BjwUCGJXc5_xf5MJ9yF2Ob9zOmHGjzi2dTj6UkBbXv6S5KuqAocv5fGi5OIORVRxVsrGOM2HT_yrvCbV2cHN6q6Kv2RFazOg4pdNxm1C2knrzHTtM8Lha8mUSzMYGTfuWkiEqQ6ABzdwk-jFmzhYtZduHLRwhFfxMamCPNRSCNveTaAn0dFDWJEGXkskstiG7A6sk6lhH48AHNnsOzjF0etWH3SwVNMXQ",
  "payload": ""
}
2025-07-18 17:05:03,282:DEBUG:urllib3.connectionpool:https://acme-staging-v02.api.letsencrypt.org:443 "POST /acme/authz/213985174/18564038894 HTTP/1.1" 200 845
2025-07-18 17:05:03,282:DEBUG:acme.client:Received response:
HTTP 200
Server: nginx
Date: Fri, 18 Jul 2025 17:05:03 GMT
Content-Type: application/json
Content-Length: 845
Connection: keep-alive
Boulder-Requester: 213985174
Cache-Control: public, max-age=0, no-cache
Link: <https://acme-staging-v02.api.letsencrypt.org/directory>;rel="index"
Replay-Nonce: WqSL1hmce3kkmsSYlSG4DYrRyGkMXem9HBqsq69N8ZXRtGrdibA
X-Frame-Options: DENY
Strict-Transport-Security: max-age=604800

{
  "identifier": {
    "type": "dns",
    "value": "med-voice-record.de"
  },
  "status": "pending",
  "expires": "2025-07-25T17:04:58Z",
  "challenges": [
    {
      "type": "dns-01",
      "url": "https://acme-staging-v02.api.letsencrypt.org/acme/chall/213985174/18564038894/3hakCg",
      "status": "pending",
      "token": "SJi5QjLEB_SRMql44IFiKpwyATwMxGNQp2jBZMPIZdk"
    },
    {
      "type": "tls-alpn-01",
      "url": "https://acme-staging-v02.api.letsencrypt.org/acme/chall/213985174/18564038894/dNJreQ",
      "status": "pending",
      "token": "SJi5QjLEB_SRMql44IFiKpwyATwMxGNQp2jBZMPIZdk"
    },
    {
      "type": "http-01",
      "url": "https://acme-staging-v02.api.letsencrypt.org/acme/chall/213985174/18564038894/uX3KbQ",
      "status": "pending",
      "token": "SJi5QjLEB_SRMql44IFiKpwyATwMxGNQp2jBZMPIZdk"
    }
  ]
}
2025-07-18 17:05:03,282:DEBUG:acme.client:Storing nonce: WqSL1hmce3kkmsSYlSG4DYrRyGkMXem9HBqsq69N8ZXRtGrdibA
2025-07-18 17:05:06,283:DEBUG:acme.client:JWS payload:
b''
2025-07-18 17:05:06,284:DEBUG:acme.client:Sending POST request to https://acme-staging-v02.api.letsencrypt.org/acme/authz/213985174/18564038894:
{
  "protected": "eyJhbGciOiAiUlMyNTYiLCAia2lkIjogImh0dHBzOi8vYWNtZS1zdGFnaW5nLXYwMi5hcGkubGV0c2VuY3J5cHQub3JnL2FjbWUvYWNjdC8yMTM5ODUxNzQiLCAibm9uY2UiOiAiV3FTTDFobWNlM2trbXNTWWxTRzREWXJSeUdrTVhlbTlIQnFzcTY5TjhaWFJ0R3JkaWJBIiwgInVybCI6ICJodHRwczovL2FjbWUtc3RhZ2luZy12MDIuYXBpLmxldHNlbmNyeXB0Lm9yZy9hY21lL2F1dGh6LzIxMzk4NTE3NC8xODU2NDAzODg5NCJ9",
  "signature": "RtX0-SRhfsXKIBxTfxUWvUyAsCDChESso26YkxfvcnGtEZmeRrKJr2Vtz9K_quBIMDaU2rmkaZNBTbF-pmCJRdln-_cx7tzCSKX3WI0ZNo1kW8fo7PMcOjl7jP1jEX6PE2lT1sVRUJ71IMWypFi9sJcNuOpA6wXDZnM4uZgSEa0rOP45JM67rCPkCBo-95po1D47NtYFuW51sPbjPUfsQtvQsLwYVc2WU-nEu-4a_RYr9pWBLwpw3-98wJO4oMsU7O7fK4rSGOcXHVeMnMWHnbrTWdOjyivL7KgUwz9eUOykSWn-Ho9qfM838Kr1KnLKc1dJaPtzOVA5rGVkmLOKYA",
  "payload": ""
}
2025-07-18 17:05:06,428:DEBUG:urllib3.connectionpool:https://acme-staging-v02.api.letsencrypt.org:443 "POST /acme/authz/213985174/18564038894 HTTP/1.1" 200 788
2025-07-18 17:05:06,429:DEBUG:acme.client:Received response:
HTTP 200
Server: nginx
Date: Fri, 18 Jul 2025 17:05:06 GMT
Content-Type: application/json
Content-Length: 788
Connection: keep-alive
Boulder-Requester: 213985174
Cache-Control: public, max-age=0, no-cache
Link: <https://acme-staging-v02.api.letsencrypt.org/directory>;rel="index"
Replay-Nonce: 8JsvQDukQu3sgDvHwnL44iagrsEk2DKGuvhSioQKalkvnOUbYEM
X-Frame-Options: DENY
Strict-Transport-Security: max-age=604800

{
  "identifier": {
    "type": "dns",
    "value": "med-voice-record.de"
  },
  "status": "valid",
  "expires": "2025-08-17T17:05:04Z",
  "challenges": [
    {
      "type": "http-01",
      "url": "https://acme-staging-v02.api.letsencrypt.org/acme/chall/213985174/18564038894/uX3KbQ",
      "status": "valid",
      "validated": "2025-07-18T17:05:02Z",
      "token": "SJi5QjLEB_SRMql44IFiKpwyATwMxGNQp2jBZMPIZdk",
      "validationRecord": [
        {
          "url": "http://med-voice-record.de/.well-known/acme-challenge/SJi5QjLEB_SRMql44IFiKpwyATwMxGNQp2jBZMPIZdk",
          "hostname": "med-voice-record.de",
          "port": "80",
          "addressesResolved": [
            "213.165.87.118"
          ],
          "addressUsed": "213.165.87.118"
        }
      ]
    }
  ]
}
2025-07-18 17:05:06,429:DEBUG:acme.client:Storing nonce: 8JsvQDukQu3sgDvHwnL44iagrsEk2DKGuvhSioQKalkvnOUbYEM
2025-07-18 17:05:06,429:DEBUG:certbot._internal.error_handler:Calling registered functions
2025-07-18 17:05:06,429:INFO:certbot._internal.auth_handler:Cleaning up challenges
2025-07-18 17:05:06,598:DEBUG:certbot._internal.client:CSR: CSR(file=None, data=b'-----BEGIN CERTIFICATE REQUEST-----\nMIHtMIGTAgEAMAAwWTATBgcqhkjOPQIBBggqhkjOPQMBBwNCAAQH9S7S+H3RIEN8\n+Fiy6J/9vxIZZY5ljZkF7TH47ygg/NbHo7FPhITJMS/r9igFnWXUthIY8AKRC4fT\nDCpGWAj5oDEwLwYJKoZIhvcNAQkOMSIwIDAeBgNVHREEFzAVghNtZWQtdm9pY2Ut\ncmVjb3JkLmRlMAoGCCqGSM49BAMCA0kAMEYCIQDZM0E9yq0xXQ0PAG+ac/Yjf6eS\nECuFQjzbaVXvHWXF3QIhAJSNswAPUZTiWX9v1RBLxA1YRImM7mMURn/NHjvEr4Mr\n-----END CERTIFICATE REQUEST-----\n', form='pem')
2025-07-18 17:05:06,599:DEBUG:certbot._internal.client:Will poll for certificate issuance until 2025-07-18 17:06:36.599071
2025-07-18 17:05:06,599:DEBUG:acme.client:JWS payload:
b'{\n  "csr": "MIHtMIGTAgEAMAAwWTATBgcqhkjOPQIBBggqhkjOPQMBBwNCAAQH9S7S-H3RIEN8-Fiy6J_9vxIZZY5ljZkF7TH47ygg_NbHo7FPhITJMS_r9igFnWXUthIY8AKRC4fTDCpGWAj5oDEwLwYJKoZIhvcNAQkOMSIwIDAeBgNVHREEFzAVghNtZWQtdm9pY2UtcmVjb3JkLmRlMAoGCCqGSM49BAMCA0kAMEYCIQDZM0E9yq0xXQ0PAG-ac_Yjf6eSECuFQjzbaVXvHWXF3QIhAJSNswAPUZTiWX9v1RBLxA1YRImM7mMURn_NHjvEr4Mr"\n}'
2025-07-18 17:05:06,600:DEBUG:acme.client:Sending POST request to https://acme-staging-v02.api.letsencrypt.org/acme/finalize/213985174/26131448834:
{
  "protected": "eyJhbGciOiAiUlMyNTYiLCAia2lkIjogImh0dHBzOi8vYWNtZS1zdGFnaW5nLXYwMi5hcGkubGV0c2VuY3J5cHQub3JnL2FjbWUvYWNjdC8yMTM5ODUxNzQiLCAibm9uY2UiOiAiOEpzdlFEdWtRdTNzZ0R2SHduTDQ0aWFncnNFazJES0d1dmhTaW9RS2Fsa3ZuT1ViWUVNIiwgInVybCI6ICJodHRwczovL2FjbWUtc3RhZ2luZy12MDIuYXBpLmxldHNlbmNyeXB0Lm9yZy9hY21lL2ZpbmFsaXplLzIxMzk4NTE3NC8yNjEzMTQ0ODgzNCJ9",
  "signature": "nOOrWGCwpoF21iQK3aovYYOHCENT3rhqouMLguNFiAnhbGD3NyLIsHadMV4ZMZKf-A84de9VkwWxCSRLcaW30-8IEDr9oOmU_bfmto9onubMJakq05-i69pSoIx1SK4jEfAs4d7pWhC91VoYu-rvZzpyB8ah1y3cMNAoUexVrjx9Zb4riKK27bzZSFQLcQPn-5jTwC4HyIppPS6kdHplUz_lJmhOs12_-IUF659ilgII1c9AILehg8qNwIeS2yMNXy0Id8HpSw6LiHGkwG1cdjpImCJ4vrBVzxUlTURFtI7qXraReI0Bvp8vICGf549Nt6xpa95wcbRozHbfS6mpUg",
  "payload": "ewogICJjc3IiOiAiTUlIdE1JR1RBZ0VBTUFBd1dUQVRCZ2NxaGtqT1BRSUJCZ2dxaGtqT1BRTUJCd05DQUFRSDlTN1MtSDNSSUVOOC1GaXk2Sl85dnhJWlpZNWxqWmtGN1RINDd5Z2dfTmJIbzdGUGhJVEpNU19yOWlnRm5XWFV0aElZOEFLUkM0ZlREQ3BHV0FqNW9ERXdMd1lKS29aSWh2Y05BUWtPTVNJd0lEQWVCZ05WSFJFRUZ6QVZnaE50WldRdGRtOXBZMlV0Y21WamIzSmtMbVJsTUFvR0NDcUdTTTQ5QkFNQ0Ewa0FNRVlDSVFEWk0wRTl5cTB4WFEwUEFHLWFjX1lqZjZlU0VDdUZRanpiYVZYdkhXWEYzUUloQUpTTnN3QVBVWlRpV1g5djFSQkx4QTFZUkltTTdtTVVSbl9OSGp2RXI0TXIiCn0"
}
2025-07-18 17:05:06,750:DEBUG:urllib3.connectionpool:https://acme-staging-v02.api.letsencrypt.org:443 "POST /acme/finalize/213985174/26131448834 HTTP/1.1" 200 368
2025-07-18 17:05:06,750:DEBUG:acme.client:Received response:
HTTP 200
Server: nginx
Date: Fri, 18 Jul 2025 17:05:06 GMT
Content-Type: application/json
Content-Length: 368
Connection: keep-alive
Boulder-Requester: 213985174
Cache-Control: public, max-age=0, no-cache
Link: <https://acme-staging-v02.api.letsencrypt.org/directory>;rel="index"
Location: https://acme-staging-v02.api.letsencrypt.org/acme/order/213985174/26131448834
Replay-Nonce: WqSL1hmc-wi6xdbpoh8CCG1pXtkhasmS0AuXAihTCx4hfgHAJCI
Retry-After: 3
X-Frame-Options: DENY
Strict-Transport-Security: max-age=604800

{
  "status": "processing",
  "expires": "2025-07-25T17:04:58Z",
  "identifiers": [
    {
      "type": "dns",
      "value": "med-voice-record.de"
    }
  ],
  "authorizations": [
    "https://acme-staging-v02.api.letsencrypt.org/acme/authz/213985174/18564038894"
  ],
  "finalize": "https://acme-staging-v02.api.letsencrypt.org/acme/finalize/213985174/26131448834"
}
2025-07-18 17:05:06,751:DEBUG:acme.client:Storing nonce: WqSL1hmc-wi6xdbpoh8CCG1pXtkhasmS0AuXAihTCx4hfgHAJCI
2025-07-18 17:05:07,751:DEBUG:acme.client:JWS payload:
b''
2025-07-18 17:05:07,752:DEBUG:acme.client:Sending POST request to https://acme-staging-v02.api.letsencrypt.org/acme/order/213985174/26131448834:
{
  "protected": "eyJhbGciOiAiUlMyNTYiLCAia2lkIjogImh0dHBzOi8vYWNtZS1zdGFnaW5nLXYwMi5hcGkubGV0c2VuY3J5cHQub3JnL2FjbWUvYWNjdC8yMTM5ODUxNzQiLCAibm9uY2UiOiAiV3FTTDFobWMtd2k2eGRicG9oOENDRzFwWHRraGFzbVMwQXVYQWloVEN4NGhmZ0hBSkNJIiwgInVybCI6ICJodHRwczovL2FjbWUtc3RhZ2luZy12MDIuYXBpLmxldHNlbmNyeXB0Lm9yZy9hY21lL29yZGVyLzIxMzk4NTE3NC8yNjEzMTQ0ODgzNCJ9",
  "signature": "lz2KE3uTPr8P-tZf8jpruFG4nB3YnhCYyWZr_vGqmNSlpxmumH0YRHDpagV49W3Dj1dX_wmYV223um2h2tGSkc9-ce4fn-F-5TOdEY0NDDJzit7H4WW3NHY3hYMrMQ6TAXtEjPWSuKALQuvoL7cyFC1Prmpo1vnUv4oCJOTCNV-maS_a_4QL75Ot6aLvsHMjxRCnwqTzXMcXIUVtww19XZ030QHV5C8Dhl5pgXj_hW5nCJYWAQMJ4hqtJ1SNORa9p5mxuDJsDyIabKnzETxgFFYUj0U2WXB-e9q3WwAVT80nkfclc4l1QMB2r1t0zVOatL-c7bapOIBsz11ph3oBWA",
  "payload": ""
}
2025-07-18 17:05:07,897:DEBUG:urllib3.connectionpool:https://acme-staging-v02.api.letsencrypt.org:443 "POST /acme/order/213985174/26131448834 HTTP/1.1" 200 475
2025-07-18 17:05:07,897:DEBUG:acme.client:Received response:
HTTP 200
Server: nginx
Date: Fri, 18 Jul 2025 17:05:07 GMT
Content-Type: application/json
Content-Length: 475
Connection: keep-alive
Cache-Control: public, max-age=0, no-cache
Link: <https://acme-staging-v02.api.letsencrypt.org/directory>;rel="index"
Location: https://acme-staging-v02.api.letsencrypt.org/acme/order/213985174/26131448834
Replay-Nonce: WqSL1hmc3H8H4tkhdcjOiHIz5MUVwhOJfrKoz2p6SxzPCR_mDcY
X-Frame-Options: DENY
Strict-Transport-Security: max-age=604800

{
  "status": "valid",
  "expires": "2025-07-25T17:04:58Z",
  "identifiers": [
    {
      "type": "dns",
      "value": "med-voice-record.de"
    }
  ],
  "authorizations": [
    "https://acme-staging-v02.api.letsencrypt.org/acme/authz/213985174/18564038894"
  ],
  "finalize": "https://acme-staging-v02.api.letsencrypt.org/acme/finalize/213985174/26131448834",
  "certificate": "https://acme-staging-v02.api.letsencrypt.org/acme/cert/2c2da8077c5ffa8cc1cfb6902e7dec83ef96"
}
2025-07-18 17:05:07,897:DEBUG:acme.client:Storing nonce: WqSL1hmc3H8H4tkhdcjOiHIz5MUVwhOJfrKoz2p6SxzPCR_mDcY
2025-07-18 17:05:07,898:DEBUG:acme.client:JWS payload:
b''
2025-07-18 17:05:07,899:DEBUG:acme.client:Sending POST request to https://acme-staging-v02.api.letsencrypt.org/acme/cert/2c2da8077c5ffa8cc1cfb6902e7dec83ef96:
{
  "protected": "eyJhbGciOiAiUlMyNTYiLCAia2lkIjogImh0dHBzOi8vYWNtZS1zdGFnaW5nLXYwMi5hcGkubGV0c2VuY3J5cHQub3JnL2FjbWUvYWNjdC8yMTM5ODUxNzQiLCAibm9uY2UiOiAiV3FTTDFobWMzSDhINHRraGRjak9pSEl6NU1VVndoT0pmcktvejJwNlN4elBDUl9tRGNZIiwgInVybCI6ICJodHRwczovL2FjbWUtc3RhZ2luZy12MDIuYXBpLmxldHNlbmNyeXB0Lm9yZy9hY21lL2NlcnQvMmMyZGE4MDc3YzVmZmE4Y2MxY2ZiNjkwMmU3ZGVjODNlZjk2In0",
  "signature": "bwAMkfvv1ibKAgG258KR-5MdCINQKlYm_SxFv5EWCDYLptkii-5gYFQJPugfgGyObuUKcpjD0_8rfxYPhJujkBFOd75vhjWLprz5sr47YozkwAQfiC_UR8338cpyjKGeJ95RiwB2TEXSXDtQsiv0TYW4Z8eSwfxqmUkO9tpTA7Mrs4LAUgxXaGxIki10KR61ELDNsvkQRM1pJLeHn86VH6WUlgHuEJUsLb-K2HVPV7L5L2qum-onpZr6VaqjkkNg5ngzwBhr0OvMqQdglSckct7e_R-BLTTcG4RI6kAEcsqQ0uOF0vn3jV_73iZ49EfyQut9RHv0YYgyI9EetNGrgg",
  "payload": ""
}
2025-07-18 17:05:08,044:DEBUG:urllib3.connectionpool:https://acme-staging-v02.api.letsencrypt.org:443 "POST /acme/cert/2c2da8077c5ffa8cc1cfb6902e7dec83ef96 HTTP/1.1" 200 3006
2025-07-18 17:05:08,045:DEBUG:acme.client:Received response:
HTTP 200
Server: nginx
Date: Fri, 18 Jul 2025 17:05:07 GMT
Content-Type: application/pem-certificate-chain
Content-Length: 3006
Connection: keep-alive
Cache-Control: public, max-age=0, no-cache
Link: <https://acme-staging-v02.api.letsencrypt.org/directory>;rel="index", <https://acme-staging-v02.api.letsencrypt.org/acme/cert/2c2da8077c5ffa8cc1cfb6902e7dec83ef96/1>;rel="alternate"
Replay-Nonce: WqSL1hmc4TU5o-o-b7nCWNqZoYK8WwbaFUInvD8kQ9nAgdKAUkY
X-Frame-Options: DENY
Strict-Transport-Security: max-age=604800

-----BEGIN CERTIFICATE-----
MIIDujCCA0CgAwIBAgISLC2oB3xf+ozBz7aQLn3sg++WMAoGCCqGSM49BAMDMFIx
CzAJBgNVBAYTAlVTMSAwHgYDVQQKExcoU1RBR0lORykgTGV0J3MgRW5jcnlwdDEh
MB8GA1UEAxMYKFNUQUdJTkcpIFBzZXVkbyBQbHVtIEU1MB4XDTI1MDcxODE2MDYz
NloXDTI1MTAxNjE2MDYzNVowHjEcMBoGA1UEAxMTbWVkLXZvaWNlLXJlY29yZC5k
ZTBZMBMGByqGSM49AgEGCCqGSM49AwEHA0IABAf1LtL4fdEgQ3z4WLLon/2/Ehll
jmWNmQXtMfjvKCD81sejsU+EhMkxL+v2KAWdZdS2EhjwApELh9MMKkZYCPmjggIo
MIICJDAOBgNVHQ8BAf8EBAMCB4AwHQYDVR0lBBYwFAYIKwYBBQUHAwEGCCsGAQUF
BwMCMAwGA1UdEwEB/wQCMAAwHQYDVR0OBBYEFCigiEYDZpmvrY0/a+DtTN019fLN
MB8GA1UdIwQYMBaAFPxG0QFDX7t7pj0waK4RuuC8bcnTMDYGCCsGAQUFBwEBBCow
KDAmBggrBgEFBQcwAoYaaHR0cDovL3N0Zy1lNS5pLmxlbmNyLm9yZy8wHgYDVR0R
BBcwFYITbWVkLXZvaWNlLXJlY29yZC5kZTATBgNVHSAEDDAKMAgGBmeBDAECATAx
BgNVHR8EKjAoMCagJKAihiBodHRwOi8vc3RnLWU1LmMubGVuY3Iub3JnLzIzLmNy
bDCCAQMGCisGAQQB1nkCBAIEgfQEgfEA7wB1ABboacHRlerXw/iXGuPwdgH3jOG2
nTGoUhi2g38xqBUIAAABmB5/KMkAAAQDAEYwRAIgHOgdauQB6d52rtGsSC18pHDC
Yi0PvWn8m9aXf8rjyNsCICqwShKNT7hOX8ntXjp6T8dYTGDhQlMhs6B5+20bHwWR
AHYAsMyD5aX5fWuvfAnMKEkEhyrH6IsTLGNQt8b9JuFsbHcAAAGYHn8oqAAABAMA
RzBFAiADN1pHYU2tI1/TPrgEZoDXqSthSnFRP2YKkHQmKwOwNgIhAL0ASx1XgWpW
AieDOErwN3rQnHM2H/l+PjS/gSliM+YqMAoGCCqGSM49BAMDA2gAMGUCMQDf4F+c
htg9c+Ddmr7gJFfhD0moooj2YfeW8pgJadnAtPZwaYh+z4gPGL12FNEyYHUCMGUj
qKezJCLnb6cyMHSUdYluw8o20rPU2nhfZH/nvsFpNmR4okhcjOVMCOf0ry7DQA==
-----END CERTIFICATE-----

-----BEGIN CERTIFICATE-----
MIIEljCCAn6gAwIBAgIQRzEp1D1mDiVVv4b1zlB56jANBgkqhkiG9w0BAQsFADBm
MQswCQYDVQQGEwJVUzEzMDEGA1UEChMqKFNUQUdJTkcpIEludGVybmV0IFNlY3Vy
aXR5IFJlc2VhcmNoIEdyb3VwMSIwIAYDVQQDExkoU1RBR0lORykgUHJldGVuZCBQ
ZWFyIFgxMB4XDTI0MDMxMzAwMDAwMFoXDTI3MDMxMjIzNTk1OVowUjELMAkGA1UE
BhMCVVMxIDAeBgNVBAoTFyhTVEFHSU5HKSBMZXQncyBFbmNyeXB0MSEwHwYDVQQD
ExgoU1RBR0lORykgUHNldWRvIFBsdW0gRTUwdjAQBgcqhkjOPQIBBgUrgQQAIgNi
AATljbbcV+mqWZa3g+z0bDOuBpZOtbi48iK9rjLtPdRU0WsgVp53MW3nXFU6qVYV
zEYaYd6PSmec0Tj3R5zEp5/F+cuOjTdh3AkTMzYm1tkflocPBN5APHYZ+76WxZad
q+WjggEAMIH9MA4GA1UdDwEB/wQEAwIBhjAdBgNVHSUEFjAUBggrBgEFBQcDAgYI
KwYBBQUHAwEwEgYDVR0TAQH/BAgwBgEB/wIBADAdBgNVHQ4EFgQU/EbRAUNfu3um
PTBorhG64LxtydMwHwYDVR0jBBgwFoAUtfNl8v6wCpIf+zx980SgrGMlwxQwNgYI
KwYBBQUHAQEEKjAoMCYGCCsGAQUFBzAChhpodHRwOi8vc3RnLXgxLmkubGVuY3Iu
b3JnLzATBgNVHSAEDDAKMAgGBmeBDAECATArBgNVHR8EJDAiMCCgHqAchhpodHRw
Oi8vc3RnLXgxLmMubGVuY3Iub3JnLzANBgkqhkiG9w0BAQsFAAOCAgEAAtCGn4iG
cupruhkCTcoDqSIVTFgVR8JJ3GvGL7SYwIc4Fn0As66nQgnkATIzF5+gFb+CXEQD
qR2Jo+R38OeT7lQ1rNDcaJcbY6hL8cNRku3QlcfdYODZ5pgTVH04gTZUJISZKLjD
kMMcQIDZlF7iYqTvmHbn2ISSKorsJ3QKAvWhHwMoJtocSz3VeDJIep5QtbHnoXh1
/dyDx7sp8RuhC0eO9ElTgDtiA2V6JxigLPzqcnibBBR4bFLGtMNE4EvOOD/Fkd0L
hdGDbAMNd+O06n+b0rgmDvg75IgOV6fpDrdZFoiNfCckOEJh9v10uYt4pTc3B6lf
zI/X3EWP1H4VJmsYuy+OA29jPeP831sAObZtd3RWv0LQPrMfx6FCmy4AaeYEMvul
FrF6OX+JbssE+bn83F+sGEMZu/eVBwwKh3db7+2UduMdTOb8DePE3Aqlg9zofS8X
9fJXrrp+PPrdQyvM3e8DxuioWa9GLG30yD9WD6WTlSiiOrdWGOzisWpW4shFoL8u
0EfmeLVU4JVbauhOYZASQXABNeXewe9lqJWwfqaARYpRjyf+jRibn22H5NVK4Vog
l55Iq1rUgjc8r493NaNrlNwG7va7Ztkch5lJ3oL/FEVlVSK4snTbgb0b5qjQz3SA
i7rA/8QRZvOLnKNtdEUlDZNrzkZwHNluLGw=
-----END CERTIFICATE-----

2025-07-18 17:05:08,045:DEBUG:acme.client:Storing nonce: WqSL1hmc4TU5o-o-b7nCWNqZoYK8WwbaFUInvD8kQ9nAgdKAUkY
2025-07-18 17:05:08,046:DEBUG:certbot._internal.renewal:Dry run: skipping updating lineage at /etc/letsencrypt/live/med-voice-record.de
2025-07-18 17:05:08,048:DEBUG:certbot._internal.updater:Skipping updaters in dry-run mode.
2025-07-18 17:05:08,048:DEBUG:certbot._internal.display.obj:Notifying user: 
- - - - - - - - - - - - - - - - - - - - - - - - - - - - - - - - - - - - - - - -
2025-07-18 17:05:08,048:DEBUG:certbot._internal.display.obj:Notifying user: Congratulations, all simulated renewals succeeded: 
2025-07-18 17:05:08,048:DEBUG:certbot._internal.display.obj:Notifying user:   /etc/letsencrypt/live/med-voice-record.de/fullchain.pem (success)
2025-07-18 17:05:08,048:DEBUG:certbot._internal.display.obj:Notifying user: - - - - - - - - - - - - - - - - - - - - - - - - - - - - - - - - - - - - - - - -
2025-07-18 17:05:08,048:DEBUG:certbot._internal.renewal:no renewal failures
2025-07-18 22:58:49,369:DEBUG:certbot._internal.main:certbot version: 2.9.0
2025-07-18 22:58:49,369:DEBUG:certbot._internal.main:Location of certbot entry point: /usr/bin/certbot
2025-07-18 22:58:49,369:DEBUG:certbot._internal.main:Arguments: ['-q', '--no-random-sleep-on-renew']
2025-07-18 22:58:49,370:DEBUG:certbot._internal.main:Discovered plugins: PluginsRegistry(PluginEntryPoint#apache,PluginEntryPoint#manual,PluginEntryPoint#null,PluginEntryPoint#standalone,PluginEntryPoint#webroot)
2025-07-18 22:58:49,376:DEBUG:certbot._internal.log:Root logging level set at 40
2025-07-18 22:58:49,376:DEBUG:certbot._internal.display.obj:Notifying user: Processing /etc/letsencrypt/renewal/med-voice-record.de.conf
2025-07-18 22:58:49,377:DEBUG:certbot._internal.plugins.selection:Requested authenticator None and installer None
2025-07-18 22:58:49,377:DEBUG:certbot._internal.plugins.selection:Requested authenticator None and installer None
2025-07-18 22:58:49,395:INFO:certbot.ocsp:Cannot extract OCSP URI from /etc/letsencrypt/archive/med-voice-record.de/cert1.pem
2025-07-18 22:58:49,398:DEBUG:certbot._internal.display.obj:Notifying user: Certificate not yet due for renewal
2025-07-18 22:58:49,398:DEBUG:certbot._internal.plugins.selection:Requested authenticator apache and installer apache
2025-07-18 22:58:49,399:DEBUG:certbot._internal.plugins.selection:Selecting plugin: * apache
Description: Apache Web Server plugin
Interfaces: Authenticator, Installer, Plugin
Entry point: EntryPoint(name='apache', value='certbot_apache._internal.entrypoint:ENTRYPOINT', group='certbot.plugins')
Initialized: <certbot_apache._internal.override_debian.DebianConfigurator object at 0x7215f427bd70>
2025-07-18 22:58:49,399:DEBUG:certbot.plugins.storage:Plugin storage file /etc/letsencrypt/.pluginstorage.json was empty, no values loaded
2025-07-18 22:58:49,399:DEBUG:certbot._internal.display.obj:Notifying user: 
- - - - - - - - - - - - - - - - - - - - - - - - - - - - - - - - - - - - - - - -
2025-07-18 22:58:49,399:DEBUG:certbot._internal.display.obj:Notifying user: The following certificates are not due for renewal yet:
2025-07-18 22:58:49,399:DEBUG:certbot._internal.display.obj:Notifying user:   /etc/letsencrypt/live/med-voice-record.de/fullchain.pem expires on 2025-10-16 (skipped)
2025-07-18 22:58:49,399:DEBUG:certbot._internal.display.obj:Notifying user: No renewals were attempted.
2025-07-18 22:58:49,399:DEBUG:certbot._internal.display.obj:Notifying user: - - - - - - - - - - - - - - - - - - - - - - - - - - - - - - - - - - - - - - - -
2025-07-18 22:58:49,399:DEBUG:certbot._internal.renewal:no renewal failures
2025-07-19 00:30:24,981:DEBUG:certbot._internal.main:certbot version: 2.9.0
2025-07-19 00:30:24,981:DEBUG:certbot._internal.main:Location of certbot entry point: /usr/bin/certbot
2025-07-19 00:30:24,981:DEBUG:certbot._internal.main:Arguments: ['-q', '--no-random-sleep-on-renew']
2025-07-19 00:30:24,981:DEBUG:certbot._internal.main:Discovered plugins: PluginsRegistry(PluginEntryPoint#apache,PluginEntryPoint#manual,PluginEntryPoint#null,PluginEntryPoint#standalone,PluginEntryPoint#webroot)
2025-07-19 00:30:24,988:DEBUG:certbot._internal.log:Root logging level set at 40
2025-07-19 00:30:24,988:DEBUG:certbot._internal.display.obj:Notifying user: Processing /etc/letsencrypt/renewal/med-voice-record.de.conf
2025-07-19 00:30:24,989:DEBUG:certbot._internal.plugins.selection:Requested authenticator None and installer None
2025-07-19 00:30:24,989:DEBUG:certbot._internal.plugins.selection:Requested authenticator None and installer None
2025-07-19 00:30:25,007:INFO:certbot.ocsp:Cannot extract OCSP URI from /etc/letsencrypt/archive/med-voice-record.de/cert1.pem
2025-07-19 00:30:25,010:DEBUG:certbot._internal.display.obj:Notifying user: Certificate not yet due for renewal
2025-07-19 00:30:25,011:DEBUG:certbot._internal.plugins.selection:Requested authenticator apache and installer apache
2025-07-19 00:30:25,011:DEBUG:certbot._internal.plugins.selection:Selecting plugin: * apache
Description: Apache Web Server plugin
Interfaces: Authenticator, Installer, Plugin
Entry point: EntryPoint(name='apache', value='certbot_apache._internal.entrypoint:ENTRYPOINT', group='certbot.plugins')
Initialized: <certbot_apache._internal.override_debian.DebianConfigurator object at 0x7362fd010da0>
2025-07-19 00:30:25,011:DEBUG:certbot.plugins.storage:Plugin storage file /etc/letsencrypt/.pluginstorage.json was empty, no values loaded
2025-07-19 00:30:25,011:DEBUG:certbot._internal.display.obj:Notifying user: 
- - - - - - - - - - - - - - - - - - - - - - - - - - - - - - - - - - - - - - - -
2025-07-19 00:30:25,011:DEBUG:certbot._internal.display.obj:Notifying user: The following certificates are not due for renewal yet:
2025-07-19 00:30:25,011:DEBUG:certbot._internal.display.obj:Notifying user:   /etc/letsencrypt/live/med-voice-record.de/fullchain.pem expires on 2025-10-16 (skipped)
2025-07-19 00:30:25,012:DEBUG:certbot._internal.display.obj:Notifying user: No renewals were attempted.
2025-07-19 00:30:25,012:DEBUG:certbot._internal.display.obj:Notifying user: - - - - - - - - - - - - - - - - - - - - - - - - - - - - - - - - - - - - - - - -
2025-07-19 00:30:25,012:DEBUG:certbot._internal.renewal:no renewal failures
