
Start-Date: 2025-07-16  18:58:22
Commandline: apt upgrade
Install: linux-modules-6.8.0-63-generic:amd64 (6.8.0-63.66, automatic), linux-image-6.8.0-63-generic:amd64 (6.8.0-63.66, automatic), linux-headers-6.8.0-63-generic:amd64 (6.8.0-63.66, automatic), linux-tools-6.8.0-63-generic:amd64 (6.8.0-63.66, automatic), linux-tools-6.8.0-63:amd64 (6.8.0-63.66, automatic), linux-headers-6.8.0-63:amd64 (6.8.0-63.66, automatic)
Upgrade: libsmartcols1:amd64 (2.39.3-9ubuntu6.2, 2.39.3-9ubuntu6.3), linux-tools-common:amd64 (6.8.0-60.63, 6.8.0-63.66), libpam-runtime:amd64 (1.5.3-5ubuntu5.1, 1.5.3-5ubuntu5.4), udev:amd64 (255.4-1ubuntu8.8, 255.4-1ubuntu8.10), python3.12:amd64 (3.12.3-1ubuntu0.5, 3.12.3-1ubuntu0.7), linux-virtual:amd64 (6.8.0-60.63, 6.8.0-63.66), open-iscsi:amd64 (2.1.9-3ubuntu5.3, 2.1.9-3ubuntu5.4), linux-headers-generic:amd64 (6.8.0-60.63, 6.8.0-63.66), libssh-4:amd64 (0.10.6-2build2, 0.10.6-2ubuntu0.1), libblockdev-part3:amd64 (3.1.1-1, 3.1.1-1ubuntu0.1), sosreport:amd64 (4.8.2-0ubuntu0~24.04.1, 4.8.2-0ubuntu0~24.04.2), git:amd64 (1:2.43.0-1ubuntu7.2, 1:2.43.0-1ubuntu7.3), gpg:amd64 (2.4.4-2ubuntu17.2, 2.4.4-2ubuntu17.3), systemd-timesyncd:amd64 (255.4-1ubuntu8.8, 255.4-1ubuntu8.10), libblockdev-swap3:amd64 (3.1.1-1, 3.1.1-1ubuntu0.1), libpam-systemd:amd64 (255.4-1ubuntu8.8, 255.4-1ubuntu8.10), libfwupd2:amd64 (1.9.29-0ubuntu1~24.04.1ubuntu1, 1.9.30-0ubuntu1~24.04.1), libpython3.12-minimal:amd64 (3.12.3-1ubuntu0.5, 3.12.3-1ubuntu0.7), libblockdev-fs3:amd64 (3.1.1-1, 3.1.1-1ubuntu0.1), linux-image-virtual:amd64 (6.8.0-60.63, 6.8.0-63.66), libsystemd0:amd64 (255.4-1ubuntu8.8, 255.4-1ubuntu8.10), libmount1:amd64 (2.39.3-9ubuntu6.2, 2.39.3-9ubuntu6.3), udisks2:amd64 (2.10.1-6ubuntu1, 2.10.1-6ubuntu1.2), python3-requests:amd64 (2.31.0+dfsg-1ubuntu1, 2.31.0+dfsg-1ubuntu1.1), libnss-systemd:amd64 (255.4-1ubuntu8.8, 255.4-1ubuntu8.10), keyboxd:amd64 (2.4.4-2ubuntu17.2, 2.4.4-2ubuntu17.3), python3-urllib3:amd64 (2.0.7-1ubuntu0.1, 2.0.7-1ubuntu0.2), gnupg:amd64 (2.4.4-2ubuntu17.2, 2.4.4-2ubuntu17.3), util-linux:amd64 (2.39.3-9ubuntu6.2, 2.39.3-9ubuntu6.3), systemd:amd64 (255.4-1ubuntu8.8, 255.4-1ubuntu8.10), libudev1:amd64 (255.4-1ubuntu8.8, 255.4-1ubuntu8.10), gpg-agent:amd64 (2.4.4-2ubuntu17.2, 2.4.4-2ubuntu17.3), fdisk:amd64 (2.39.3-9ubuntu6.2, 2.39.3-9ubuntu6.3), libarchive13t64:amd64 (3.7.2-2ubuntu0.4, 3.7.2-2ubuntu0.5), libfdisk1:amd64 (2.39.3-9ubuntu6.2, 2.39.3-9ubuntu6.3), systemd-dev:amd64 (255.4-1ubuntu8.8, 255.4-1ubuntu8.10), eject:amd64 (2.39.3-9ubuntu6.2, 2.39.3-9ubuntu6.3), libpython3.12t64:amd64 (3.12.3-1ubuntu0.5, 3.12.3-1ubuntu0.7), libudisks2-0:amd64 (2.10.1-6ubuntu1, 2.10.1-6ubuntu1.2), libc6:amd64 (2.39-0ubuntu8.4, 2.39-0ubuntu8.5), locales:amd64 (2.39-0ubuntu8.4, 2.39-0ubuntu8.5), ubuntu-pro-client-l10n:amd64 (35.1ubuntu0~24.04, 36ubuntu0~24.04), libpam-modules:amd64 (1.5.3-5ubuntu5.1, 1.5.3-5ubuntu5.4), libblockdev-loop3:amd64 (3.1.1-1, 3.1.1-1ubuntu0.1), libuuid1:amd64 (2.39.3-9ubuntu6.2, 2.39.3-9ubuntu6.3), libblockdev3:amd64 (3.1.1-1, 3.1.1-1ubuntu0.1), gpgv:amd64 (2.4.4-2ubuntu17.2, 2.4.4-2ubuntu17.3), uuid-runtime:amd64 (2.39.3-9ubuntu6.2, 2.39.3-9ubuntu6.3), systemd-resolved:amd64 (255.4-1ubuntu8.8, 255.4-1ubuntu8.10), libblockdev-utils3:amd64 (3.1.1-1, 3.1.1-1ubuntu0.1), gzip:amd64 (1.12-1ubuntu3, 1.12-1ubuntu3.1), libopeniscsiusr:amd64 (2.1.9-3ubuntu5.3, 2.1.9-3ubuntu5.4), gpgsm:amd64 (2.4.4-2ubuntu17.2, 2.4.4-2ubuntu17.3), libblockdev-mdraid3:amd64 (3.1.1-1, 3.1.1-1ubuntu0.1), libpam-modules-bin:amd64 (1.5.3-5ubuntu5.1, 1.5.3-5ubuntu5.4), linux-headers-virtual:amd64 (6.8.0-60.63, 6.8.0-63.66), libc-dev-bin:amd64 (2.39-0ubuntu8.4, 2.39-0ubuntu8.5), mount:amd64 (2.39.3-9ubuntu6.2, 2.39.3-9ubuntu6.3), libpam0g:amd64 (1.5.3-5ubuntu5.1, 1.5.3-5ubuntu5.4), sudo:amd64 (1.9.15p5-3ubuntu5, 1.9.15p5-3ubuntu5.24.04.1), libc-bin:amd64 (2.39-0ubuntu8.4, 2.39-0ubuntu8.5), libsystemd-shared:amd64 (255.4-1ubuntu8.8, 255.4-1ubuntu8.10), libc-devtools:amd64 (2.39-0ubuntu8.4, 2.39-0ubuntu8.5), python3-apport:amd64 (2.28.1-0ubuntu3.7, 2.28.1-0ubuntu3.8), libgnutls30t64:amd64 (3.8.3-1.1ubuntu3.3, 3.8.3-1.1ubuntu3.4), libc6-dev:amd64 (2.39-0ubuntu8.4, 2.39-0ubuntu8.5), dirmngr:amd64 (2.4.4-2ubuntu17.2, 2.4.4-2ubuntu17.3), systemd-sysv:amd64 (255.4-1ubuntu8.8, 255.4-1ubuntu8.10), gnupg-utils:amd64 (2.4.4-2ubuntu17.2, 2.4.4-2ubuntu17.3), libblkid1:amd64 (2.39.3-9ubuntu6.2, 2.39.3-9ubuntu6.3), apport-core-dump-handler:amd64 (2.28.1-0ubuntu3.7, 2.28.1-0ubuntu3.8), gnupg-l10n:amd64 (2.4.4-2ubuntu17.2, 2.4.4-2ubuntu17.3), libblockdev-nvme3:amd64 (3.1.1-1, 3.1.1-1ubuntu0.1), gpg-wks-client:amd64 (2.4.4-2ubuntu17.2, 2.4.4-2ubuntu17.3), python3.12-minimal:amd64 (3.12.3-1ubuntu0.5, 3.12.3-1ubuntu0.7), git-man:amd64 (1:2.43.0-1ubuntu7.2, 1:2.43.0-1ubuntu7.3), libblockdev-crypto3:amd64 (3.1.1-1, 3.1.1-1ubuntu0.1), libpython3.12-stdlib:amd64 (3.12.3-1ubuntu0.5, 3.12.3-1ubuntu0.7), bsdutils:amd64 (1:2.39.3-9ubuntu6.2, 1:2.39.3-9ubuntu6.3), python3-problem-report:amd64 (2.28.1-0ubuntu3.7, 2.28.1-0ubuntu3.8), gpgconf:amd64 (2.4.4-2ubuntu17.2, 2.4.4-2ubuntu17.3), apport:amd64 (2.28.1-0ubuntu3.7, 2.28.1-0ubuntu3.8), bsdextrautils:amd64 (2.39.3-9ubuntu6.2, 2.39.3-9ubuntu6.3), fwupd:amd64 (1.9.29-0ubuntu1~24.04.1ubuntu1, 1.9.30-0ubuntu1~24.04.1), linux-libc-dev:amd64 (6.8.0-60.63, 6.8.0-63.66), ubuntu-pro-client:amd64 (35.1ubuntu0~24.04, 36ubuntu0~24.04)
End-Date: 2025-07-16  18:59:01

Start-Date: 2025-07-16  19:14:26
Commandline: apt install python3-venv
Install: python3-setuptools-whl:amd64 (68.1.2-2ubuntu1.2, automatic), python3-venv:amd64 (3.12.3-0ubuntu2), python3-pip-whl:amd64 (24.0+dfsg-1ubuntu1.2, automatic), python3.12-venv:amd64 (3.12.3-1ubuntu0.7, automatic)
End-Date: 2025-07-16  19:14:26

Start-Date: 2025-07-17  12:28:50
Commandline: apt install apache2
Install: ssl-cert:amd64 (1.1.2ubuntu1, automatic), libaprutil1t64:amd64 (1.6.3-1.1ubuntu7, automatic), libaprutil1-dbd-sqlite3:amd64 (1.6.3-1.1ubuntu7, automatic), liblua5.4-0:amd64 (5.4.6-3build2, automatic), apache2-data:amd64 (2.4.58-1ubuntu8.7, automatic), apache2-bin:amd64 (2.4.58-1ubuntu8.7, automatic), apache2-utils:amd64 (2.4.58-1ubuntu8.7, automatic), apache2:amd64 (2.4.58-1ubuntu8.7), libaprutil1-ldap:amd64 (1.6.3-1.1ubuntu7, automatic), libapr1t64:amd64 (1.7.2-3.1ubuntu0.1, automatic)
End-Date: 2025-07-17  12:28:55

Start-Date: 2025-07-17  12:35:57
Commandline: apt-get install python-dev-is-python3
Install: libpython3-dev:amd64 (3.12.3-0ubuntu2, automatic), python-is-python3:amd64 (3.11.4-1, automatic), zlib1g-dev:amd64 (1:1.3.dfsg-3.1ubuntu2.1, automatic), python-dev-is-python3:amd64 (3.11.4-1), python3-dev:amd64 (3.12.3-0ubuntu2, automatic), libpython3.12-dev:amd64 (3.12.3-1ubuntu0.7, automatic), python3.12-dev:amd64 (3.12.3-1ubuntu0.7, automatic), libjs-jquery:amd64 (3.6.1+dfsg+~3.5.14-1, automatic), libexpat1-dev:amd64 (2.6.1-2ubuntu0.3, automatic), libjs-sphinxdoc:amd64 (7.2.6-6, automatic), javascript-common:amd64 (11+nmu1, automatic), libjs-underscore:amd64 (1.13.4~dfsg+~1.11.4-3, automatic)
End-Date: 2025-07-17  12:35:58

Start-Date: 2025-07-17  12:37:13
Commandline: apt-get install libapache2-mod-wsgi-py3
Install: libapache2-mod-wsgi-py3:amd64 (5.0.0-1build2)
End-Date: 2025-07-17  12:37:13

Start-Date: 2025-07-17  12:39:55
Commandline: apt-get install python3-pip
Install: libgcc-13-dev:amd64 (13.3.0-6ubuntu2~24.04, automatic), libstdc++-13-dev:amd64 (13.3.0-6ubuntu2~24.04, automatic), libalgorithm-merge-perl:amd64 (0.08-5, automatic), libgomp1:amd64 (14.2.0-4ubuntu2~24.04, automatic), g++-13:amd64 (13.3.0-6ubuntu2~24.04, automatic), gcc-13:amd64 (13.3.0-6ubuntu2~24.04, automatic), build-essential:amd64 (12.10ubuntu1, automatic), libctf-nobfd0:amd64 (2.42-4ubuntu2.5, automatic), gcc-x86-64-linux-gnu:amd64 (4:13.2.0-7ubuntu1, automatic), libtsan2:amd64 (14.2.0-4ubuntu2~24.04, automatic), cpp:amd64 (4:13.2.0-7ubuntu1, automatic), g++:amd64 (4:13.2.0-7ubuntu1, automatic), gcc:amd64 (4:13.2.0-7ubuntu1, automatic), libhwasan0:amd64 (14.2.0-4ubuntu2~24.04, automatic), libalgorithm-diff-perl:amd64 (1.201-1, automatic), libbinutils:amd64 (2.42-4ubuntu2.5, automatic), libfakeroot:amd64 (1.33-1, automatic), cpp-x86-64-linux-gnu:amd64 (4:13.2.0-7ubuntu1, automatic), binutils-x86-64-linux-gnu:amd64 (2.42-4ubuntu2.5, automatic), bzip2:amd64 (1.0.8-5.1build0.1, automatic), g++-x86-64-linux-gnu:amd64 (4:13.2.0-7ubuntu1, automatic), libcc1-0:amd64 (14.2.0-4ubuntu2~24.04, automatic), cpp-13-x86-64-linux-gnu:amd64 (13.3.0-6ubuntu2~24.04, automatic), libmpc3:amd64 (1.3.1-1build1.1, automatic), python3-wheel:amd64 (0.42.0-2, automatic), libfile-fcntllock-perl:amd64 (0.22-4ubuntu5, automatic), dpkg-dev:amd64 (1.22.6ubuntu6.1, automatic), libasan8:amd64 (14.2.0-4ubuntu2~24.04, automatic), make:amd64 (4.3-4.1build2, automatic), libctf0:amd64 (2.42-4ubuntu2.5, automatic), lto-disabled-list:amd64 (47, automatic), cpp-13:amd64 (13.3.0-6ubuntu2~24.04, automatic), binutils-common:amd64 (2.42-4ubuntu2.5, automatic), libitm1:amd64 (14.2.0-4ubuntu2~24.04, automatic), python3-pip:amd64 (24.0+dfsg-1ubuntu1.2), libdpkg-perl:amd64 (1.22.6ubuntu6.1, automatic), libsframe1:amd64 (2.42-4ubuntu2.5, automatic), g++-13-x86-64-linux-gnu:amd64 (13.3.0-6ubuntu2~24.04, automatic), libgprofng0:amd64 (2.42-4ubuntu2.5, automatic), libisl23:amd64 (0.26-3build1.1, automatic), libquadmath0:amd64 (14.2.0-4ubuntu2~24.04, automatic), libubsan1:amd64 (14.2.0-4ubuntu2~24.04, automatic), liblsan0:amd64 (14.2.0-4ubuntu2~24.04, automatic), libalgorithm-diff-xs-perl:amd64 (0.04-8build3, automatic), gcc-13-x86-64-linux-gnu:amd64 (13.3.0-6ubuntu2~24.04, automatic), gcc-13-base:amd64 (13.3.0-6ubuntu2~24.04, automatic), binutils:amd64 (2.42-4ubuntu2.5, automatic), fakeroot:amd64 (1.33-1, automatic), libatomic1:amd64 (14.2.0-4ubuntu2~24.04, automatic)
End-Date: 2025-07-17  12:40:01

Start-Date: 2025-07-17  12:40:51
Commandline: apt install python3-flask
Install: python3-pyasyncore:amd64 (1.0.2-2, automatic), python3-werkzeug:amd64 (3.0.1-3ubuntu0.2, automatic), python3-pyinotify:amd64 (0.9.6-2ubuntu1, automatic), python3-flask:amd64 (3.0.2-1ubuntu1), python3-itsdangerous:amd64 (2.1.2-4, automatic), python3-asgiref:amd64 (3.7.2-1, automatic), python3-simplejson:amd64 (3.19.2-1build2, automatic)
End-Date: 2025-07-17  12:40:52

Start-Date: 2025-07-17  12:41:17
Commandline: apt install python3-flask-sqlalchemy
Install: python3-flask-sqlalchemy:amd64 (3.0.3-1), python3-sqlalchemy-ext:amd64 (1.4.50+ds1-1build1, automatic), python3-sqlalchemy:amd64 (1.4.50+ds1-1build1, automatic), python3-greenlet:amd64 (3.0.3-0ubuntu5.1, automatic)
End-Date: 2025-07-17  12:41:18

Start-Date: 2025-07-17  13:47:07
Commandline: apt install python3-flask-migrate
Install: python3-alembic:amd64 (1.13.1-3, automatic), alembic:amd64 (1.13.1-3, automatic), python3-mako:amd64 (1.3.2-1, automatic), python3-flask-migrate:amd64 (4.0.5-1)
End-Date: 2025-07-17  13:47:08

Start-Date: 2025-07-17  13:47:19
Commandline: apt install python3-flask-login
Install: python3-flask-login:amd64 (0.6.3-1ubuntu1)
End-Date: 2025-07-17  13:47:19

Start-Date: 2025-07-18  06:21:11
Commandline: /usr/bin/unattended-upgrade
Install: linux-modules-6.8.0-64-generic:amd64 (6.8.0-64.67, automatic), linux-image-6.8.0-64-generic:amd64 (6.8.0-64.67, automatic), linux-headers-6.8.0-64-generic:amd64 (6.8.0-64.67, automatic), linux-tools-6.8.0-64:amd64 (6.8.0-64.67, automatic), linux-tools-6.8.0-64-generic:amd64 (6.8.0-64.67, automatic), linux-headers-6.8.0-64:amd64 (6.8.0-64.67, automatic)
Upgrade: linux-tools-common:amd64 (6.8.0-63.66, 6.8.0-64.67), linux-virtual:amd64 (6.8.0-63.66, 6.8.0-64.67), linux-headers-generic:amd64 (6.8.0-63.66, 6.8.0-64.67), linux-image-virtual:amd64 (6.8.0-63.66, 6.8.0-64.67), linux-headers-virtual:amd64 (6.8.0-63.66, 6.8.0-64.67), linux-libc-dev:amd64 (6.8.0-63.66, 6.8.0-64.67)
End-Date: 2025-07-18  06:21:24

Start-Date: 2025-07-18  06:21:27
Commandline: /usr/bin/unattended-upgrade
Remove: linux-image-6.8.0-63-generic:amd64 (6.8.0-63.66)
End-Date: 2025-07-18  06:21:27

Start-Date: 2025-07-18  06:21:29
Commandline: /usr/bin/unattended-upgrade
Remove: linux-modules-6.8.0-63-generic:amd64 (6.8.0-63.66)
End-Date: 2025-07-18  06:21:30

Start-Date: 2025-07-18  06:21:31
Commandline: /usr/bin/unattended-upgrade
Remove: linux-tools-6.8.0-63-generic:amd64 (6.8.0-63.66), linux-tools-6.8.0-63:amd64 (6.8.0-63.66)
End-Date: 2025-07-18  06:21:32

Start-Date: 2025-07-18  06:21:33
Commandline: /usr/bin/unattended-upgrade
Remove: linux-headers-6.8.0-63-generic:amd64 (6.8.0-63.66)
End-Date: 2025-07-18  06:21:34

Start-Date: 2025-07-18  06:21:36
Commandline: /usr/bin/unattended-upgrade
Remove: linux-headers-6.8.0-63:amd64 (6.8.0-63.66)
End-Date: 2025-07-18  06:21:37

Start-Date: 2025-07-18  11:19:56
Commandline: apt install certbot python3-certbot-apache
Install: certbot:amd64 (2.9.0-1), python3-augeas:amd64 (0.5.0-1.1, automatic), libaugeas0:amd64 (1.14.1-1build2, automatic), python3-acme:amd64 (2.9.0-1, automatic), python3-parsedatetime:amd64 (2.6-3, automatic), augeas-lenses:amd64 (1.14.1-1build2, automatic), python3-certbot-apache:amd64 (2.9.0-1), python3-certbot:amd64 (2.9.0-1, automatic), python3-icu:amd64 (2.12-1build2, automatic), python3-josepy:amd64 (1.14.0-1, automatic), python3-configargparse:amd64 (1.7-1, automatic), python3-rfc3339:amd64 (1.1-4, automatic)
End-Date: 2025-07-18  11:19:59

Start-Date: 2025-07-18  16:55:30
Commandline: apt remove --purge certbot -y
Purge: certbot:amd64 (2.9.0-1), python3-certbot-apache:amd64 (2.9.0-1)
End-Date: 2025-07-18  16:55:31

Start-Date: 2025-07-18  16:55:33
Commandline: apt autoremove --purge -y
Purge: python3-augeas:amd64 (0.5.0-1.1), libaugeas0:amd64 (1.14.1-1build2), python3-acme:amd64 (2.9.0-1), python3-parsedatetime:amd64 (2.6-3), augeas-lenses:amd64 (1.14.1-1build2), python3-certbot:amd64 (2.9.0-1), python3-icu:amd64 (2.12-1build2), python3-josepy:amd64 (1.14.0-1), python3-configargparse:amd64 (1.7-1), python3-rfc3339:amd64 (1.1-4)
End-Date: 2025-07-18  16:55:34

Start-Date: 2025-07-18  16:56:19
Commandline: apt install certbot python3-certbot-apache
Install: certbot:amd64 (2.9.0-1), python3-augeas:amd64 (0.5.0-1.1, automatic), libaugeas0:amd64 (1.14.1-1build2, automatic), python3-acme:amd64 (2.9.0-1, automatic), python3-parsedatetime:amd64 (2.6-3, automatic), augeas-lenses:amd64 (1.14.1-1build2, automatic), python3-certbot-apache:amd64 (2.9.0-1), python3-certbot:amd64 (2.9.0-1, automatic), python3-icu:amd64 (2.12-1build2, automatic), python3-josepy:amd64 (1.14.0-1, automatic), python3-configargparse:amd64 (1.7-1, automatic), python3-rfc3339:amd64 (1.1-4, automatic)
End-Date: 2025-07-18  16:56:21
